{
  "stats": {
    "suites": 1,
    "tests": 6,
    "passes": 0,
    "pending": 0,
    "failures": 6,
    "start": "2025-11-05T00:30:24.803Z",
    "end": "2025-11-05T00:30:44.025Z",
    "duration": 19222,
    "testsRegistered": 6,
    "passPercent": 0,
    "pendingPercent": 0,
    "other": 0,
    "hasOther": false,
    "skipped": 0,
    "hasSkipped": false
  },
  "results": [
    {
      "uuid": "2dd2580c-8e18-4cef-95cf-c026a63586ec",
      "title": "",
      "fullFile": "cypress\\e2e\\cadastro_check_out.cy.js",
      "file": "cypress\\e2e\\cadastro_check_out.cy.js",
      "beforeHooks": [],
      "afterHooks": [],
      "tests": [],
      "suites": [
        {
          "uuid": "5763b0a5-3c6d-49ed-9f1d-96da12a2ed4a",
          "title": "US-003 - Funcionalidade: Cadastro no Checkout",
          "fullFile": "",
          "file": "",
          "beforeHooks": [],
          "afterHooks": [],
          "tests": [
            {
              "title": "Deve realizar cadastro com sucesso (todos campos preenchidos)",
              "fullTitle": "US-003 - Funcionalidade: Cadastro no Checkout Deve realizar cadastro com sucesso (todos campos preenchidos)",
              "timedOut": null,
              "duration": 4961,
              "state": "failed",
              "speed": null,
              "pass": false,
              "fail": true,
              "pending": false,
              "context": null,
              "code": "_CheckoutPage.default.preencherCadastro('Leonardo', 'Pattussi', '96000000');\ncy.get('[data-test=\"finish\"]').click();\ncy.get('.complete-header').should('contain.text', 'Thank you for your order!');",
              "err": {
                "message": "TypeError: _CheckoutPage.default.preencherCadastro is not a function",
                "estack": "TypeError: _CheckoutPage.default.preencherCadastro is not a function\n    at Context.eval (webpack://sauce-cypress-automation/./cypress/e2e/cadastro_check_out.cy.js:18:17)\n    at runnable.fn (https://www.saucedemo.com/__cypress/runner/cypress_runner.js:140440:19)\n    at callFn (https://www.saucedemo.com/__cypress/runner/cypress_runner.js:159518:21)\n    at Runnable.run (https://www.saucedemo.com/__cypress/runner/cypress_runner.js:159505:7)\n    at <unknown> (https://www.saucedemo.com/__cypress/runner/cypress_runner.js:165577:30)\n    at PassThroughHandlerContext.finallyHandler (https://www.saucedemo.com/__cypress/runner/cypress_runner.js:4042:23)\n    at PassThroughHandlerContext.tryCatcher (https://www.saucedemo.com/__cypress/runner/cypress_runner.js:1777:23)\n    at Promise._settlePromiseFromHandler (https://www.saucedemo.com/__cypress/runner/cypress_runner.js:1489:31)\n    at Promise._settlePromise (https://www.saucedemo.com/__cypress/runner/cypress_runner.js:1546:18)",
                "diff": null
              },
              "uuid": "d1c42271-9a70-4864-b110-48029a76c67f",
              "parentUUID": "5763b0a5-3c6d-49ed-9f1d-96da12a2ed4a",
              "isHook": false,
              "skipped": false
            },
            {
              "title": "Deve exibir erro ao deixar todos os campos vazios",
              "fullTitle": "US-003 - Funcionalidade: Cadastro no Checkout Deve exibir erro ao deixar todos os campos vazios",
              "timedOut": null,
              "duration": 2417,
              "state": "failed",
              "speed": null,
              "pass": false,
              "fail": true,
              "pending": false,
              "context": null,
              "code": "cy.get('[data-test=\"continue\"]').click();\n_CheckoutPage.default.validarMensagemErro('Error: First Name is required');",
              "err": {
                "message": "TypeError: _CheckoutPage.default.validarMensagemErro is not a function",
                "estack": "TypeError: _CheckoutPage.default.validarMensagemErro is not a function\n    at Context.eval (webpack://sauce-cypress-automation/./cypress/e2e/cadastro_check_out.cy.js:25:17)\n    at runnable.fn (https://www.saucedemo.com/__cypress/runner/cypress_runner.js:140440:19)\n    at callFn (https://www.saucedemo.com/__cypress/runner/cypress_runner.js:159518:21)\n    at Runnable.run (https://www.saucedemo.com/__cypress/runner/cypress_runner.js:159505:7)\n    at <unknown> (https://www.saucedemo.com/__cypress/runner/cypress_runner.js:165577:30)\n    at PassThroughHandlerContext.finallyHandler (https://www.saucedemo.com/__cypress/runner/cypress_runner.js:4042:23)\n    at PassThroughHandlerContext.tryCatcher (https://www.saucedemo.com/__cypress/runner/cypress_runner.js:1777:23)\n    at Promise._settlePromiseFromHandler (https://www.saucedemo.com/__cypress/runner/cypress_runner.js:1489:31)\n    at Promise._settlePromise (https://www.saucedemo.com/__cypress/runner/cypress_runner.js:1546:18)",
                "diff": null
              },
              "uuid": "0652cb39-c99e-4f30-9a6e-96d7c11f5cf9",
              "parentUUID": "5763b0a5-3c6d-49ed-9f1d-96da12a2ed4a",
              "isHook": false,
              "skipped": false
            },
            {
              "title": "Deve validar ausência de nome",
              "fullTitle": "US-003 - Funcionalidade: Cadastro no Checkout Deve validar ausência de nome",
              "timedOut": null,
              "duration": 4265,
              "state": "failed",
              "speed": null,
              "pass": false,
              "fail": true,
              "pending": false,
              "context": null,
              "code": "_CheckoutPage.default.preencherCadastro('', 'Pattussi', '96000000');\n_CheckoutPage.default.validarMensagemErro('Error: First Name is required');",
              "err": {
                "message": "TypeError: _CheckoutPage.default.preencherCadastro is not a function",
                "estack": "TypeError: _CheckoutPage.default.preencherCadastro is not a function\n    at Context.eval (webpack://sauce-cypress-automation/./cypress/e2e/cadastro_check_out.cy.js:29:17)\n    at runnable.fn (https://www.saucedemo.com/__cypress/runner/cypress_runner.js:140440:19)\n    at callFn (https://www.saucedemo.com/__cypress/runner/cypress_runner.js:159518:21)\n    at Runnable.run (https://www.saucedemo.com/__cypress/runner/cypress_runner.js:159505:7)\n    at <unknown> (https://www.saucedemo.com/__cypress/runner/cypress_runner.js:165577:30)\n    at PassThroughHandlerContext.finallyHandler (https://www.saucedemo.com/__cypress/runner/cypress_runner.js:4042:23)\n    at PassThroughHandlerContext.tryCatcher (https://www.saucedemo.com/__cypress/runner/cypress_runner.js:1777:23)\n    at Promise._settlePromiseFromHandler (https://www.saucedemo.com/__cypress/runner/cypress_runner.js:1489:31)\n    at Promise._settlePromise (https://www.saucedemo.com/__cypress/runner/cypress_runner.js:1546:18)",
                "diff": null
              },
              "uuid": "5d6580fa-9da9-4990-80c0-1826f1632264",
              "parentUUID": "5763b0a5-3c6d-49ed-9f1d-96da12a2ed4a",
              "isHook": false,
              "skipped": false
            },
            {
              "title": "Deve validar ausência de sobrenome",
              "fullTitle": "US-003 - Funcionalidade: Cadastro no Checkout Deve validar ausência de sobrenome",
              "timedOut": null,
              "duration": 2045,
              "state": "failed",
              "speed": null,
              "pass": false,
              "fail": true,
              "pending": false,
              "context": null,
              "code": "_CheckoutPage.default.preencherCadastro('Leonardo', '', '96000000');\n_CheckoutPage.default.validarMensagemErro('Error: Last Name is required');",
              "err": {
                "message": "TypeError: _CheckoutPage.default.preencherCadastro is not a function",
                "estack": "TypeError: _CheckoutPage.default.preencherCadastro is not a function\n    at Context.eval (webpack://sauce-cypress-automation/./cypress/e2e/cadastro_check_out.cy.js:34:17)\n    at runnable.fn (https://www.saucedemo.com/__cypress/runner/cypress_runner.js:140440:19)\n    at callFn (https://www.saucedemo.com/__cypress/runner/cypress_runner.js:159518:21)\n    at Runnable.run (https://www.saucedemo.com/__cypress/runner/cypress_runner.js:159505:7)\n    at <unknown> (https://www.saucedemo.com/__cypress/runner/cypress_runner.js:165577:30)\n    at PassThroughHandlerContext.finallyHandler (https://www.saucedemo.com/__cypress/runner/cypress_runner.js:4042:23)\n    at PassThroughHandlerContext.tryCatcher (https://www.saucedemo.com/__cypress/runner/cypress_runner.js:1777:23)\n    at Promise._settlePromiseFromHandler (https://www.saucedemo.com/__cypress/runner/cypress_runner.js:1489:31)\n    at Promise._settlePromise (https://www.saucedemo.com/__cypress/runner/cypress_runner.js:1546:18)",
                "diff": null
              },
              "uuid": "ee1d1980-669d-49c2-977b-77024ec0f666",
              "parentUUID": "5763b0a5-3c6d-49ed-9f1d-96da12a2ed4a",
              "isHook": false,
              "skipped": false
            },
            {
              "title": "Deve validar ausência de CEP",
              "fullTitle": "US-003 - Funcionalidade: Cadastro no Checkout Deve validar ausência de CEP",
              "timedOut": null,
              "duration": 2335,
              "state": "failed",
              "speed": null,
              "pass": false,
              "fail": true,
              "pending": false,
              "context": null,
              "code": "_CheckoutPage.default.preencherCadastro('Leonardo', 'Pattussi', '');\n_CheckoutPage.default.validarMensagemErro('Error: Postal Code is required');",
              "err": {
                "message": "TypeError: _CheckoutPage.default.preencherCadastro is not a function",
                "estack": "TypeError: _CheckoutPage.default.preencherCadastro is not a function\n    at Context.eval (webpack://sauce-cypress-automation/./cypress/e2e/cadastro_check_out.cy.js:39:17)\n    at runnable.fn (https://www.saucedemo.com/__cypress/runner/cypress_runner.js:140440:19)\n    at callFn (https://www.saucedemo.com/__cypress/runner/cypress_runner.js:159518:21)\n    at Runnable.run (https://www.saucedemo.com/__cypress/runner/cypress_runner.js:159505:7)\n    at <unknown> (https://www.saucedemo.com/__cypress/runner/cypress_runner.js:165577:30)\n    at PassThroughHandlerContext.finallyHandler (https://www.saucedemo.com/__cypress/runner/cypress_runner.js:4042:23)\n    at PassThroughHandlerContext.tryCatcher (https://www.saucedemo.com/__cypress/runner/cypress_runner.js:1777:23)\n    at Promise._settlePromiseFromHandler (https://www.saucedemo.com/__cypress/runner/cypress_runner.js:1489:31)\n    at Promise._settlePromise (https://www.saucedemo.com/__cypress/runner/cypress_runner.js:1546:18)",
                "diff": null
              },
              "uuid": "b2d12c58-9666-4cbd-b8af-a43017e470f9",
              "parentUUID": "5763b0a5-3c6d-49ed-9f1d-96da12a2ed4a",
              "isHook": false,
              "skipped": false
            },
            {
              "title": "Deve permitir cancelar o checkout e voltar ao carrinho",
              "fullTitle": "US-003 - Funcionalidade: Cadastro no Checkout Deve permitir cancelar o checkout e voltar ao carrinho",
              "timedOut": null,
              "duration": 2080,
              "state": "failed",
              "speed": null,
              "pass": false,
              "fail": true,
              "pending": false,
              "context": null,
              "code": "_CheckoutPage.default.cancelarCheckout();\n_CheckoutPage.default.validarRetornoAoCarrinho();",
              "err": {
                "message": "TypeError: _CheckoutPage.default.validarRetornoAoCarrinho is not a function",
                "estack": "TypeError: _CheckoutPage.default.validarRetornoAoCarrinho is not a function\n    at Context.eval (webpack://sauce-cypress-automation/./cypress/e2e/cadastro_check_out.cy.js:45:17)\n    at runnable.fn (https://www.saucedemo.com/__cypress/runner/cypress_runner.js:140440:19)\n    at callFn (https://www.saucedemo.com/__cypress/runner/cypress_runner.js:159518:21)\n    at Runnable.run (https://www.saucedemo.com/__cypress/runner/cypress_runner.js:159505:7)\n    at <unknown> (https://www.saucedemo.com/__cypress/runner/cypress_runner.js:165577:30)\n    at PassThroughHandlerContext.finallyHandler (https://www.saucedemo.com/__cypress/runner/cypress_runner.js:4042:23)\n    at PassThroughHandlerContext.tryCatcher (https://www.saucedemo.com/__cypress/runner/cypress_runner.js:1777:23)\n    at Promise._settlePromiseFromHandler (https://www.saucedemo.com/__cypress/runner/cypress_runner.js:1489:31)\n    at Promise._settlePromise (https://www.saucedemo.com/__cypress/runner/cypress_runner.js:1546:18)",
                "diff": null
              },
              "uuid": "a902ea62-6930-4b54-aa0d-837b0db53ea0",
              "parentUUID": "5763b0a5-3c6d-49ed-9f1d-96da12a2ed4a",
              "isHook": false,
              "skipped": false
            }
          ],
          "suites": [],
          "passes": [],
          "failures": [
            "d1c42271-9a70-4864-b110-48029a76c67f",
            "0652cb39-c99e-4f30-9a6e-96d7c11f5cf9",
            "5d6580fa-9da9-4990-80c0-1826f1632264",
            "ee1d1980-669d-49c2-977b-77024ec0f666",
            "b2d12c58-9666-4cbd-b8af-a43017e470f9",
            "a902ea62-6930-4b54-aa0d-837b0db53ea0"
          ],
          "pending": [],
          "skipped": [],
          "duration": 18103,
          "root": false,
          "rootEmpty": false,
          "_timeout": 2000
        }
      ],
      "passes": [],
      "failures": [],
      "pending": [],
      "skipped": [],
      "duration": 0,
      "root": true,
      "rootEmpty": true,
      "_timeout": 2000
    }
  ],
  "meta": {
    "mocha": {
      "version": "7.2.0"
    },
    "mochawesome": {
      "options": {
        "quiet": false,
        "reportFilename": "mochawesome",
        "saveHtml": false,
        "saveJson": true,
        "consoleReporter": "spec",
        "useInlineDiffs": false,
        "code": true
      },
      "version": "7.1.4"
    },
    "marge": {
      "options": {
        "reportDir": "cypress/reports",
        "overwrite": false,
        "html": false,
        "json": true
      },
      "version": "6.3.1"
    }
  }
}