{
  "stats": {
    "suites": 1,
    "tests": 1,
    "passes": 1,
    "pending": 0,
    "failures": 0,
    "start": "2025-11-05T00:52:26.718Z",
    "end": "2025-11-05T00:52:32.935Z",
    "duration": 6217,
    "testsRegistered": 1,
    "passPercent": 100,
    "pendingPercent": 0,
    "other": 0,
    "hasOther": false,
    "skipped": 0,
    "hasSkipped": false
  },
  "results": [
    {
      "uuid": "a9079116-fb5d-4cfe-a3e9-04342e15b57b",
      "title": "",
      "fullFile": "cypress\\e2e\\e2e-saucelabs.cy.js",
      "file": "cypress\\e2e\\e2e-saucelabs.cy.js",
      "beforeHooks": [],
      "afterHooks": [],
      "tests": [],
      "suites": [
        {
          "uuid": "ab49e1ed-9be1-4fd1-af2c-3637c947a3e1",
          "title": "US-002 - Fluxo completo de compra",
          "fullFile": "",
          "file": "",
          "beforeHooks": [],
          "afterHooks": [],
          "tests": [
            {
              "title": "Deve concluir uma compra com sucesso",
              "fullTitle": "US-002 - Fluxo completo de compra Deve concluir uma compra com sucesso",
              "timedOut": null,
              "duration": 6092,
              "state": "passed",
              "speed": "medium",
              "pass": true,
              "fail": false,
              "pending": false,
              "context": null,
              "code": "_LoginPage.default.acessarSite();\n_LoginPage.default.fazerLogin('standard_user', 'secret_sauce');\n_ProductsPage.default.adicionarProdutoAoCarrinho();\n_ProductsPage.default.irParaCarrinho();\ncy.get('[data-test=\"checkout\"]').click();\n_CheckoutPage.default.preencherCadastro('Leonardo', 'Pattussi', '96000000');\ncy.get('[data-test=\"finish\"]').click();\ncy.get('.complete-header').should('contain.text', 'Thank you for your order!');",
              "err": {},
              "uuid": "9f5801fa-4ebb-4182-866c-8c051162ba31",
              "parentUUID": "ab49e1ed-9be1-4fd1-af2c-3637c947a3e1",
              "isHook": false,
              "skipped": false
            }
          ],
          "suites": [],
          "passes": [
            "9f5801fa-4ebb-4182-866c-8c051162ba31"
          ],
          "failures": [],
          "pending": [],
          "skipped": [],
          "duration": 6092,
          "root": false,
          "rootEmpty": false,
          "_timeout": 2000
        }
      ],
      "passes": [],
      "failures": [],
      "pending": [],
      "skipped": [],
      "duration": 0,
      "root": true,
      "rootEmpty": true,
      "_timeout": 2000
    }
  ],
  "meta": {
    "mocha": {
      "version": "7.2.0"
    },
    "mochawesome": {
      "options": {
        "quiet": false,
        "reportFilename": "mochawesome",
        "saveHtml": false,
        "saveJson": true,
        "consoleReporter": "spec",
        "useInlineDiffs": false,
        "code": true
      },
      "version": "7.1.4"
    },
    "marge": {
      "options": {
        "reportDir": "cypress/reports",
        "overwrite": false,
        "html": false,
        "json": true
      },
      "version": "6.3.1"
    }
  }
}