{
  "stats": {
    "suites": 1,
    "tests": 5,
    "passes": 5,
    "pending": 0,
    "failures": 0,
    "start": "2025-11-05T00:52:39.438Z",
    "end": "2025-11-05T00:52:49.991Z",
    "duration": 10553,
    "testsRegistered": 5,
    "passPercent": 100,
    "pendingPercent": 0,
    "other": 0,
    "hasOther": false,
    "skipped": 0,
    "hasSkipped": false
  },
  "results": [
    {
      "uuid": "d0049db7-a5b6-4b6a-a7f7-7d8d5cd065b2",
      "title": "",
      "fullFile": "cypress\\e2e\\filtro_produto.cy.js",
      "file": "cypress\\e2e\\filtro_produto.cy.js",
      "beforeHooks": [],
      "afterHooks": [],
      "tests": [],
      "suites": [
        {
          "uuid": "874d6f69-63f4-4d86-94fc-a08624e81d6c",
          "title": "US-004 - Funcionalidade: Ordenação de produtos",
          "fullFile": "",
          "file": "",
          "beforeHooks": [],
          "afterHooks": [],
          "tests": [
            {
              "title": "Deve ordenar produtos por preço decrescente (High to Low)",
              "fullTitle": "US-004 - Funcionalidade: Ordenação de produtos Deve ordenar produtos por preço decrescente (High to Low)",
              "timedOut": null,
              "duration": 3871,
              "state": "passed",
              "speed": "fast",
              "pass": true,
              "fail": false,
              "pending": false,
              "context": null,
              "code": "_ProductsPage.default.selecionarFiltro('hilo');\ncy.get('.inventory_item_price').then(prices => {\n  const valores = [...prices].map(el => parseFloat(el.innerText.replace('$', '')));\n  const ordenado = [...valores].sort((a, b) => b - a);\n  expect(valores).to.deep.equal(ordenado);\n});",
              "err": {},
              "uuid": "b6965aa6-222d-4515-a0b5-aeef1af029a4",
              "parentUUID": "874d6f69-63f4-4d86-94fc-a08624e81d6c",
              "isHook": false,
              "skipped": false
            },
            {
              "title": "Deve ordenar produtos por preço crescente (Low to High)",
              "fullTitle": "US-004 - Funcionalidade: Ordenação de produtos Deve ordenar produtos por preço crescente (Low to High)",
              "timedOut": null,
              "duration": 1669,
              "state": "passed",
              "speed": "fast",
              "pass": true,
              "fail": false,
              "pending": false,
              "context": null,
              "code": "_ProductsPage.default.selecionarFiltro('lohi');\ncy.get('.inventory_item_price').then(prices => {\n  const valores = [...prices].map(el => parseFloat(el.innerText.replace('$', '')));\n  const ordenado = [...valores].sort((a, b) => a - b);\n  expect(valores).to.deep.equal(ordenado);\n});",
              "err": {},
              "uuid": "e8912975-eb64-49df-adba-33a40ffec599",
              "parentUUID": "874d6f69-63f4-4d86-94fc-a08624e81d6c",
              "isHook": false,
              "skipped": false
            },
            {
              "title": "Deve ordenar produtos alfabeticamente (A-Z)",
              "fullTitle": "US-004 - Funcionalidade: Ordenação de produtos Deve ordenar produtos alfabeticamente (A-Z)",
              "timedOut": null,
              "duration": 1683,
              "state": "passed",
              "speed": "fast",
              "pass": true,
              "fail": false,
              "pending": false,
              "context": null,
              "code": "_ProductsPage.default.selecionarFiltro('az');\ncy.get('.inventory_item_name').then(items => {\n  const nomes = [...items].map(el => el.innerText);\n  const ordenado = [...nomes].sort();\n  expect(nomes).to.deep.equal(ordenado);\n});",
              "err": {},
              "uuid": "eb441f87-f5c4-4d83-89a7-4d263e3f19e7",
              "parentUUID": "874d6f69-63f4-4d86-94fc-a08624e81d6c",
              "isHook": false,
              "skipped": false
            },
            {
              "title": "Deve ordenar produtos alfabeticamente (Z-A)",
              "fullTitle": "US-004 - Funcionalidade: Ordenação de produtos Deve ordenar produtos alfabeticamente (Z-A)",
              "timedOut": null,
              "duration": 1501,
              "state": "passed",
              "speed": "fast",
              "pass": true,
              "fail": false,
              "pending": false,
              "context": null,
              "code": "_ProductsPage.default.selecionarFiltro('za');\ncy.get('.inventory_item_name').then(items => {\n  const nomes = [...items].map(el => el.innerText);\n  const ordenado = [...nomes].sort().reverse();\n  expect(nomes).to.deep.equal(ordenado);\n});",
              "err": {},
              "uuid": "bef0421e-6240-4bbd-a31a-d7682a25c0db",
              "parentUUID": "874d6f69-63f4-4d86-94fc-a08624e81d6c",
              "isHook": false,
              "skipped": false
            },
            {
              "title": "Deve manter ordem padrão ao carregar a página",
              "fullTitle": "US-004 - Funcionalidade: Ordenação de produtos Deve manter ordem padrão ao carregar a página",
              "timedOut": null,
              "duration": 1345,
              "state": "passed",
              "speed": "fast",
              "pass": true,
              "fail": false,
              "pending": false,
              "context": null,
              "code": "cy.url().should('include', '/inventory.html');\n_ProductsPage.default.validarOrdemEsperada(['Sauce Labs Backpack', 'Sauce Labs Bike Light', 'Sauce Labs Bolt T-Shirt', 'Sauce Labs Fleece Jacket', 'Sauce Labs Onesie', 'Test.allTheThings() T-Shirt (Red)']);",
              "err": {},
              "uuid": "4397d7c9-7833-4acc-bfc1-8a77c0ebaa69",
              "parentUUID": "874d6f69-63f4-4d86-94fc-a08624e81d6c",
              "isHook": false,
              "skipped": false
            }
          ],
          "suites": [],
          "passes": [
            "b6965aa6-222d-4515-a0b5-aeef1af029a4",
            "e8912975-eb64-49df-adba-33a40ffec599",
            "eb441f87-f5c4-4d83-89a7-4d263e3f19e7",
            "bef0421e-6240-4bbd-a31a-d7682a25c0db",
            "4397d7c9-7833-4acc-bfc1-8a77c0ebaa69"
          ],
          "failures": [],
          "pending": [],
          "skipped": [],
          "duration": 10069,
          "root": false,
          "rootEmpty": false,
          "_timeout": 2000
        }
      ],
      "passes": [],
      "failures": [],
      "pending": [],
      "skipped": [],
      "duration": 0,
      "root": true,
      "rootEmpty": true,
      "_timeout": 2000
    }
  ],
  "meta": {
    "mocha": {
      "version": "7.2.0"
    },
    "mochawesome": {
      "options": {
        "quiet": false,
        "reportFilename": "mochawesome",
        "saveHtml": false,
        "saveJson": true,
        "consoleReporter": "spec",
        "useInlineDiffs": false,
        "code": true
      },
      "version": "7.1.4"
    },
    "marge": {
      "options": {
        "reportDir": "cypress/reports",
        "overwrite": false,
        "html": false,
        "json": true
      },
      "version": "6.3.1"
    }
  }
}