{
  "stats": {
    "suites": 1,
    "tests": 7,
    "passes": 5,
    "pending": 0,
    "failures": 2,
    "start": "2025-11-05T00:31:10.694Z",
    "end": "2025-11-05T00:31:30.193Z",
    "duration": 19499,
    "testsRegistered": 7,
    "passPercent": 71.42857142857143,
    "pendingPercent": 0,
    "other": 0,
    "hasOther": false,
    "skipped": 0,
    "hasSkipped": false
  },
  "results": [
    {
      "uuid": "c4646ada-a99b-4bd5-a74c-6b5193285111",
      "title": "",
      "fullFile": "cypress\\e2e\\login.cy.js",
      "file": "cypress\\e2e\\login.cy.js",
      "beforeHooks": [],
      "afterHooks": [],
      "tests": [],
      "suites": [
        {
          "uuid": "9c0c26b4-bcae-4d01-9314-0dd9a0765918",
          "title": "US-001 - Funcionalidade: Página de Login",
          "fullFile": "",
          "file": "",
          "beforeHooks": [],
          "afterHooks": [],
          "tests": [
            {
              "title": "Deve realizar login com sucesso",
              "fullTitle": "US-001 - Funcionalidade: Página de Login Deve realizar login com sucesso",
              "timedOut": null,
              "duration": 2985,
              "state": "passed",
              "speed": "fast",
              "pass": true,
              "fail": false,
              "pending": false,
              "context": null,
              "code": "cy.log(' Tentando login com credenciais válidas');\n_LoginPage.default.fazerLogin('standard_user', 'secret_sauce');\n_LoginPage.default.validarLoginSucesso();",
              "err": {},
              "uuid": "99e0ea5f-5efd-43f0-acbe-95c26823499a",
              "parentUUID": "9c0c26b4-bcae-4d01-9314-0dd9a0765918",
              "isHook": false,
              "skipped": false
            },
            {
              "title": "Deve exibir mensagem para usuário bloqueado",
              "fullTitle": "US-001 - Funcionalidade: Página de Login Deve exibir mensagem para usuário bloqueado",
              "timedOut": null,
              "duration": 9681,
              "state": "failed",
              "speed": null,
              "pass": false,
              "fail": true,
              "pending": false,
              "context": null,
              "code": "_LoginPage.default.fazerLogin('standard_user', 'secret_sauce');\n_LoginPage.default.validarMensagemErro('Epic sadface: Sorry, this user has been locked out.');",
              "err": {
                "message": "AssertionError: Timed out retrying after 8000ms: Expected to find element: `[data-test=\"error\"]`, but never found it.",
                "estack": "AssertionError: Timed out retrying after 8000ms: Expected to find element: `[data-test=\"error\"]`, but never found it.\n    at LoginPage.validarMensagemErro (webpack://sauce-cypress-automation/./cypress/pages/LoginPage.js:17:34)\n    at Context.eval (webpack://sauce-cypress-automation/./cypress/e2e/login.cy.js:19:14)",
                "diff": null
              },
              "uuid": "eec47310-9d41-4420-ba8f-a65dd087884b",
              "parentUUID": "9c0c26b4-bcae-4d01-9314-0dd9a0765918",
              "isHook": false,
              "skipped": false
            },
            {
              "title": "Deve validar campo usuário obrigatório",
              "fullTitle": "US-001 - Funcionalidade: Página de Login Deve validar campo usuário obrigatório",
              "timedOut": null,
              "duration": 2093,
              "state": "passed",
              "speed": "fast",
              "pass": true,
              "fail": false,
              "pending": false,
              "context": null,
              "code": "_LoginPage.default.fazerLogin('', 'secret_sauce');\n_LoginPage.default.validarMensagemErro('Epic sadface: Username is required');",
              "err": {},
              "uuid": "ac367758-eb58-4cd0-9fb3-65172ed904d6",
              "parentUUID": "9c0c26b4-bcae-4d01-9314-0dd9a0765918",
              "isHook": false,
              "skipped": false
            },
            {
              "title": "Deve validar campo senha obrigatório",
              "fullTitle": "US-001 - Funcionalidade: Página de Login Deve validar campo senha obrigatório",
              "timedOut": null,
              "duration": 610,
              "state": "failed",
              "speed": null,
              "pass": false,
              "fail": true,
              "pending": false,
              "context": null,
              "code": "_LoginPage.default.fazerLoginLogin('standard_user', '');\n_LoginPage.default.validarMensagemErro('Epic sadface: Password is required');",
              "err": {
                "message": "TypeError: _LoginPage.default.fazerLoginLogin is not a function",
                "estack": "TypeError: _LoginPage.default.fazerLoginLogin is not a function\n    at Context.eval (webpack://sauce-cypress-automation/./cypress/e2e/login.cy.js:28:14)\n    at runnable.fn (https://www.saucedemo.com/__cypress/runner/cypress_runner.js:140440:19)\n    at callFn (https://www.saucedemo.com/__cypress/runner/cypress_runner.js:159518:21)\n    at Runnable.run (https://www.saucedemo.com/__cypress/runner/cypress_runner.js:159505:7)\n    at <unknown> (https://www.saucedemo.com/__cypress/runner/cypress_runner.js:165577:30)\n    at PassThroughHandlerContext.finallyHandler (https://www.saucedemo.com/__cypress/runner/cypress_runner.js:4042:23)\n    at PassThroughHandlerContext.tryCatcher (https://www.saucedemo.com/__cypress/runner/cypress_runner.js:1777:23)\n    at Promise._settlePromiseFromHandler (https://www.saucedemo.com/__cypress/runner/cypress_runner.js:1489:31)\n    at Promise._settlePromise (https://www.saucedemo.com/__cypress/runner/cypress_runner.js:1546:18)",
                "diff": null
              },
              "uuid": "9d53ba7d-e381-4d3a-9bbd-672f6d49be68",
              "parentUUID": "9c0c26b4-bcae-4d01-9314-0dd9a0765918",
              "isHook": false,
              "skipped": false
            },
            {
              "title": "Deve realizar logout com sucesso",
              "fullTitle": "US-001 - Funcionalidade: Página de Login Deve realizar logout com sucesso",
              "timedOut": null,
              "duration": 1717,
              "state": "passed",
              "speed": "fast",
              "pass": true,
              "fail": false,
              "pending": false,
              "context": null,
              "code": "_LoginPage.default.fazerLogin('standard_user', 'secret_sauce');\ncy.logout();\ncy.get('[data-test=\"login-button\"]').should('have.value', 'Login');",
              "err": {},
              "uuid": "5da10355-6d85-48b6-9e65-3fd3f276b8d1",
              "parentUUID": "9c0c26b4-bcae-4d01-9314-0dd9a0765918",
              "isHook": false,
              "skipped": false
            },
            {
              "title": "Deve exibir mensagem para credenciais inválidas",
              "fullTitle": "US-001 - Funcionalidade: Página de Login Deve exibir mensagem para credenciais inválidas",
              "timedOut": null,
              "duration": 1108,
              "state": "passed",
              "speed": "fast",
              "pass": true,
              "fail": false,
              "pending": false,
              "context": null,
              "code": "_LoginPage.default.fazerLogin('standard_user', 'senha_errada');\n_LoginPage.default.validarMensagemErro('Epic sadface: Username and password do not match');",
              "err": {},
              "uuid": "839e367f-4d7f-4b3d-8cb1-55c982595ec5",
              "parentUUID": "9c0c26b4-bcae-4d01-9314-0dd9a0765918",
              "isHook": false,
              "skipped": false
            },
            {
              "title": "Deve fechar alerta de erro ao clicar no botão X",
              "fullTitle": "US-001 - Funcionalidade: Página de Login Deve fechar alerta de erro ao clicar no botão X",
              "timedOut": null,
              "duration": 479,
              "state": "passed",
              "speed": "fast",
              "pass": true,
              "fail": false,
              "pending": false,
              "context": null,
              "code": "_LoginPage.default.fazerLogin('', '');\ncy.get('.error-button').click();\ncy.get('[data-test=\"error\"]').should('not.exist');",
              "err": {},
              "uuid": "ae0990d2-aab7-48c1-b9a3-a9bdb7b6c956",
              "parentUUID": "9c0c26b4-bcae-4d01-9314-0dd9a0765918",
              "isHook": false,
              "skipped": false
            }
          ],
          "suites": [],
          "passes": [
            "99e0ea5f-5efd-43f0-acbe-95c26823499a",
            "ac367758-eb58-4cd0-9fb3-65172ed904d6",
            "5da10355-6d85-48b6-9e65-3fd3f276b8d1",
            "839e367f-4d7f-4b3d-8cb1-55c982595ec5",
            "ae0990d2-aab7-48c1-b9a3-a9bdb7b6c956"
          ],
          "failures": [
            "eec47310-9d41-4420-ba8f-a65dd087884b",
            "9d53ba7d-e381-4d3a-9bbd-672f6d49be68"
          ],
          "pending": [],
          "skipped": [],
          "duration": 18673,
          "root": false,
          "rootEmpty": false,
          "_timeout": 2000
        }
      ],
      "passes": [],
      "failures": [],
      "pending": [],
      "skipped": [],
      "duration": 0,
      "root": true,
      "rootEmpty": true,
      "_timeout": 2000
    }
  ],
  "meta": {
    "mocha": {
      "version": "7.2.0"
    },
    "mochawesome": {
      "options": {
        "quiet": false,
        "reportFilename": "mochawesome",
        "saveHtml": false,
        "saveJson": true,
        "consoleReporter": "spec",
        "useInlineDiffs": false,
        "code": true
      },
      "version": "7.1.4"
    },
    "marge": {
      "options": {
        "reportDir": "cypress/reports",
        "overwrite": false,
        "html": false,
        "json": true
      },
      "version": "6.3.1"
    }
  }
}