{
  "stats": {
    "suites": 1,
    "tests": 1,
    "passes": 1,
    "pending": 0,
    "failures": 0,
    "start": "2025-11-05T00:08:56.373Z",
    "end": "2025-11-05T00:09:01.346Z",
    "duration": 4973,
    "testsRegistered": 1,
    "passPercent": 100,
    "pendingPercent": 0,
    "other": 0,
    "hasOther": false,
    "skipped": 0,
    "hasSkipped": false
  },
  "results": [
    {
      "uuid": "26f79e15-928a-41f6-aee7-f265414c84c6",
      "title": "",
      "fullFile": "cypress\\e2e\\e2e-saucelabs.cy.js",
      "file": "cypress\\e2e\\e2e-saucelabs.cy.js",
      "beforeHooks": [],
      "afterHooks": [],
      "tests": [],
      "suites": [
        {
          "uuid": "c2004eae-cdad-4051-bae4-3cf61394d1a3",
          "title": "US-002 - Fluxo completo de compra",
          "fullFile": "",
          "file": "",
          "beforeHooks": [],
          "afterHooks": [],
          "tests": [
            {
              "title": "Deve concluir uma compra com sucesso",
              "fullTitle": "US-002 - Fluxo completo de compra Deve concluir uma compra com sucesso",
              "timedOut": null,
              "duration": 4845,
              "state": "passed",
              "speed": "fast",
              "pass": true,
              "fail": false,
              "pending": false,
              "context": null,
              "code": "cy.log('Iniciando fluxo de compra completo');\ncy.login('standard_user', 'secret_sauce');\ncy.get('[data-test=\"add-to-cart-sauce-labs-backpack\"]').click();\ncy.get('[data-test=\"add-to-cart-sauce-labs-bike-light\"]').click();\ncy.log('🛍️ Indo para o carrinho');\ncy.get('[data-test=\"shopping-cart-link\"]').click();\ncy.get('[data-test=\"title\"]').should('contain.text', 'Your Cart');\ncy.get('[data-test=\"checkout\"]').click();\ncy.log('🧾 Preenchendo formulário de checkout');\ncy.preencherCadastro('Leonardo', 'Pattussi', '17262537');\ncy.get('[data-test=\"title\"]').should('contain.text', 'Checkout: Overview');\ncy.get('[data-test=\"finish\"]').click();\ncy.get('[data-test=\"complete-header\"]').should('contain.text', 'Thank you for your order!');",
              "err": {},
              "uuid": "84aa6797-91b6-459f-b155-df1f381220be",
              "parentUUID": "c2004eae-cdad-4051-bae4-3cf61394d1a3",
              "isHook": false,
              "skipped": false
            }
          ],
          "suites": [],
          "passes": [
            "84aa6797-91b6-459f-b155-df1f381220be"
          ],
          "failures": [],
          "pending": [],
          "skipped": [],
          "duration": 4845,
          "root": false,
          "rootEmpty": false,
          "_timeout": 2000
        }
      ],
      "passes": [],
      "failures": [],
      "pending": [],
      "skipped": [],
      "duration": 0,
      "root": true,
      "rootEmpty": true,
      "_timeout": 2000
    }
  ],
  "meta": {
    "mocha": {
      "version": "7.2.0"
    },
    "mochawesome": {
      "options": {
        "quiet": false,
        "reportFilename": "mochawesome",
        "saveHtml": false,
        "saveJson": true,
        "consoleReporter": "spec",
        "useInlineDiffs": false,
        "code": true
      },
      "version": "7.1.4"
    },
    "marge": {
      "options": {
        "reportDir": "cypress/reports",
        "overwrite": false,
        "html": false,
        "json": true
      },
      "version": "6.3.1"
    }
  }
}