{
  "stats": {
    "suites": 1,
    "tests": 6,
    "passes": 6,
    "pending": 0,
    "failures": 0,
    "start": "2025-11-05T01:02:27.068Z",
    "end": "2025-11-05T01:02:46.700Z",
    "duration": 19632,
    "testsRegistered": 6,
    "passPercent": 100,
    "pendingPercent": 0,
    "other": 0,
    "hasOther": false,
    "skipped": 0,
    "hasSkipped": false
  },
  "results": [
    {
      "uuid": "47613c1c-4efd-4195-8b90-99af2c456386",
      "title": "",
      "fullFile": "cypress\\e2e\\cadastro_check_out.cy.js",
      "file": "cypress\\e2e\\cadastro_check_out.cy.js",
      "beforeHooks": [],
      "afterHooks": [],
      "tests": [],
      "suites": [
        {
          "uuid": "ca8b605d-4bc1-4c7a-bc1f-176efe8867c9",
          "title": "US-003 - Funcionalidade: Cadastro no Checkout",
          "fullFile": "",
          "file": "",
          "beforeHooks": [],
          "afterHooks": [],
          "tests": [
            {
              "title": "Deve realizar cadastro com sucesso (todos campos preenchidos)",
              "fullTitle": "US-003 - Funcionalidade: Cadastro no Checkout Deve realizar cadastro com sucesso (todos campos preenchidos)",
              "timedOut": null,
              "duration": 7657,
              "state": "passed",
              "speed": "medium",
              "pass": true,
              "fail": false,
              "pending": false,
              "context": null,
              "code": "_CheckoutPage.default.preencherCadastro('Leonardo', 'Pattussi', '96000000');\ncy.get('[data-test=\"finish\"]').click();\ncy.get('.complete-header').should('contain.text', 'Thank you for your order!');",
              "err": {},
              "uuid": "f2066012-ae9e-4a40-aeb3-15f48eb5f824",
              "parentUUID": "ca8b605d-4bc1-4c7a-bc1f-176efe8867c9",
              "isHook": false,
              "skipped": false
            },
            {
              "title": "Deve exibir erro ao deixar todos os campos vazios",
              "fullTitle": "US-003 - Funcionalidade: Cadastro no Checkout Deve exibir erro ao deixar todos os campos vazios",
              "timedOut": null,
              "duration": 2410,
              "state": "passed",
              "speed": "fast",
              "pass": true,
              "fail": false,
              "pending": false,
              "context": null,
              "code": "cy.get('[data-test=\"continue\"]').click();\n_CheckoutPage.default.validarMensagemErro('Error: First Name is required');",
              "err": {},
              "uuid": "34d5a420-743e-4d34-9c84-481d59a716eb",
              "parentUUID": "ca8b605d-4bc1-4c7a-bc1f-176efe8867c9",
              "isHook": false,
              "skipped": false
            },
            {
              "title": "Deve validar ausência de nome",
              "fullTitle": "US-003 - Funcionalidade: Cadastro no Checkout Deve validar ausência de nome",
              "timedOut": null,
              "duration": 2605,
              "state": "passed",
              "speed": "fast",
              "pass": true,
              "fail": false,
              "pending": false,
              "context": null,
              "code": "_CheckoutPage.default.preencherCadastro('', 'Pattussi', '96000000');\n_CheckoutPage.default.validarMensagemErro('Error: First Name is required');",
              "err": {},
              "uuid": "ddc82125-5c46-43dc-875a-17989eba4957",
              "parentUUID": "ca8b605d-4bc1-4c7a-bc1f-176efe8867c9",
              "isHook": false,
              "skipped": false
            },
            {
              "title": "Deve validar ausência de sobrenome",
              "fullTitle": "US-003 - Funcionalidade: Cadastro no Checkout Deve validar ausência de sobrenome",
              "timedOut": null,
              "duration": 2510,
              "state": "passed",
              "speed": "fast",
              "pass": true,
              "fail": false,
              "pending": false,
              "context": null,
              "code": "_CheckoutPage.default.preencherCadastro('Leonardo', '', '96000000');\n_CheckoutPage.default.validarMensagemErro('Error: Last Name is required');",
              "err": {},
              "uuid": "781ba321-f9f8-4ec8-b907-e06db901c96b",
              "parentUUID": "ca8b605d-4bc1-4c7a-bc1f-176efe8867c9",
              "isHook": false,
              "skipped": false
            },
            {
              "title": "Deve validar ausência de CEP",
              "fullTitle": "US-003 - Funcionalidade: Cadastro no Checkout Deve validar ausência de CEP",
              "timedOut": null,
              "duration": 2400,
              "state": "passed",
              "speed": "fast",
              "pass": true,
              "fail": false,
              "pending": false,
              "context": null,
              "code": "_CheckoutPage.default.preencherCadastro('Leonardo', 'Pattussi', '');\n_CheckoutPage.default.validarMensagemErro('Error: Postal Code is required');",
              "err": {},
              "uuid": "c4332d50-faaa-4bff-a508-db115200b1ce",
              "parentUUID": "ca8b605d-4bc1-4c7a-bc1f-176efe8867c9",
              "isHook": false,
              "skipped": false
            },
            {
              "title": "Deve permitir cancelar o checkout e voltar ao carrinho",
              "fullTitle": "US-003 - Funcionalidade: Cadastro no Checkout Deve permitir cancelar o checkout e voltar ao carrinho",
              "timedOut": null,
              "duration": 1616,
              "state": "passed",
              "speed": "fast",
              "pass": true,
              "fail": false,
              "pending": false,
              "context": null,
              "code": "_CheckoutPage.default.cancelarCheckout();",
              "err": {},
              "uuid": "a1d0f603-6a64-4be8-b287-1158be7e6d8f",
              "parentUUID": "ca8b605d-4bc1-4c7a-bc1f-176efe8867c9",
              "isHook": false,
              "skipped": false
            }
          ],
          "suites": [],
          "passes": [
            "f2066012-ae9e-4a40-aeb3-15f48eb5f824",
            "34d5a420-743e-4d34-9c84-481d59a716eb",
            "ddc82125-5c46-43dc-875a-17989eba4957",
            "781ba321-f9f8-4ec8-b907-e06db901c96b",
            "c4332d50-faaa-4bff-a508-db115200b1ce",
            "a1d0f603-6a64-4be8-b287-1158be7e6d8f"
          ],
          "failures": [],
          "pending": [],
          "skipped": [],
          "duration": 19198,
          "root": false,
          "rootEmpty": false,
          "_timeout": 2000
        }
      ],
      "passes": [],
      "failures": [],
      "pending": [],
      "skipped": [],
      "duration": 0,
      "root": true,
      "rootEmpty": true,
      "_timeout": 2000
    }
  ],
  "meta": {
    "mocha": {
      "version": "7.2.0"
    },
    "mochawesome": {
      "options": {
        "quiet": false,
        "reportFilename": "mochawesome",
        "saveHtml": false,
        "saveJson": true,
        "consoleReporter": "spec",
        "useInlineDiffs": false,
        "code": true
      },
      "version": "7.1.4"
    },
    "marge": {
      "options": {
        "reportDir": "cypress/reports",
        "overwrite": false,
        "html": false,
        "json": true
      },
      "version": "6.3.1"
    }
  }
}