{
  "stats": {
    "suites": 1,
    "tests": 1,
    "passes": 0,
    "pending": 0,
    "failures": 1,
    "start": "2025-11-05T00:30:48.756Z",
    "end": "2025-11-05T00:30:49.265Z",
    "duration": 509,
    "testsRegistered": 1,
    "passPercent": 0,
    "pendingPercent": 0,
    "other": 0,
    "hasOther": false,
    "skipped": 0,
    "hasSkipped": false
  },
  "results": [
    {
      "uuid": "5dd601c9-dafe-4efc-bbc8-60cd945ceb87",
      "title": "",
      "fullFile": "cypress\\e2e\\e2e-saucelabs.cy.js",
      "file": "cypress\\e2e\\e2e-saucelabs.cy.js",
      "beforeHooks": [],
      "afterHooks": [],
      "tests": [],
      "suites": [
        {
          "uuid": "4dc62719-c724-4756-a741-d2e662284ba0",
          "title": "US-002 - Fluxo completo de compra",
          "fullFile": "",
          "file": "",
          "beforeHooks": [],
          "afterHooks": [],
          "tests": [
            {
              "title": "Deve concluir uma compra com sucesso",
              "fullTitle": "US-002 - Fluxo completo de compra Deve concluir uma compra com sucesso",
              "timedOut": null,
              "duration": 334,
              "state": "failed",
              "speed": null,
              "pass": false,
              "fail": true,
              "pending": false,
              "context": null,
              "code": "_LoginPage.default.acessarSite();\n_LoginPage.default.fazerLogin('standard_user', 'secret_sauce');\n_ProductsPage.default.adicionarProdutoAoCarrinho();\n_ProductsPage.default.irParaCarrinho();\ncy.get('[data-test=\"checkout\"]').click();\n_CheckoutPage.default.preencherCadastro('Leonardo', 'Pattussi', '96000000');\ncy.get('[data-test=\"finish\"]').click();\ncy.get('.complete-header').should('contain.text', 'Thank you for your order!');",
              "err": {
                "message": "TypeError: _CheckoutPage.default.preencherCadastro is not a function",
                "estack": "TypeError: _CheckoutPage.default.preencherCadastro is not a function\n    at Context.eval (webpack://sauce-cypress-automation/./cypress/e2e/e2e-saucelabs.cy.js:17:17)\n    at runnable.fn (https://www.saucedemo.com/__cypress/runner/cypress_runner.js:140440:19)\n    at callFn (https://www.saucedemo.com/__cypress/runner/cypress_runner.js:159518:21)\n    at Runnable.run (https://www.saucedemo.com/__cypress/runner/cypress_runner.js:159505:7)\n    at <unknown> (https://www.saucedemo.com/__cypress/runner/cypress_runner.js:165577:30)\n    at PassThroughHandlerContext.finallyHandler (https://www.saucedemo.com/__cypress/runner/cypress_runner.js:4042:23)\n    at PassThroughHandlerContext.tryCatcher (https://www.saucedemo.com/__cypress/runner/cypress_runner.js:1777:23)\n    at Promise._settlePromiseFromHandler (https://www.saucedemo.com/__cypress/runner/cypress_runner.js:1489:31)\n    at Promise._settlePromise (https://www.saucedemo.com/__cypress/runner/cypress_runner.js:1546:18)",
                "diff": null
              },
              "uuid": "5659be5f-b531-47b1-9199-030305f9e670",
              "parentUUID": "4dc62719-c724-4756-a741-d2e662284ba0",
              "isHook": false,
              "skipped": false
            }
          ],
          "suites": [],
          "passes": [],
          "failures": [
            "5659be5f-b531-47b1-9199-030305f9e670"
          ],
          "pending": [],
          "skipped": [],
          "duration": 334,
          "root": false,
          "rootEmpty": false,
          "_timeout": 2000
        }
      ],
      "passes": [],
      "failures": [],
      "pending": [],
      "skipped": [],
      "duration": 0,
      "root": true,
      "rootEmpty": true,
      "_timeout": 2000
    }
  ],
  "meta": {
    "mocha": {
      "version": "7.2.0"
    },
    "mochawesome": {
      "options": {
        "quiet": false,
        "reportFilename": "mochawesome",
        "saveHtml": false,
        "saveJson": true,
        "consoleReporter": "spec",
        "useInlineDiffs": false,
        "code": true
      },
      "version": "7.1.4"
    },
    "marge": {
      "options": {
        "reportDir": "cypress/reports",
        "overwrite": false,
        "html": false,
        "json": true
      },
      "version": "6.3.1"
    }
  }
}