{
  "stats": {
    "suites": 1,
    "tests": 1,
    "passes": 0,
    "pending": 0,
    "failures": 1,
    "start": "2025-11-05T00:25:20.280Z",
    "end": "2025-11-05T00:25:21.063Z",
    "duration": 783,
    "testsRegistered": 6,
    "passPercent": 0,
    "pendingPercent": 0,
    "other": 0,
    "hasOther": false,
    "skipped": 5,
    "hasSkipped": true
  },
  "results": [
    {
      "uuid": "82231bf1-9ca9-4c6c-82b8-77e6fb9bbe22",
      "title": "",
      "fullFile": "cypress\\e2e\\cadastro_check_out.cy.js",
      "file": "cypress\\e2e\\cadastro_check_out.cy.js",
      "beforeHooks": [],
      "afterHooks": [],
      "tests": [],
      "suites": [
        {
          "uuid": "d70db0fe-de30-4f70-bd08-06159780a407",
          "title": "US-003 - Funcionalidade: Cadastro no Checkout",
          "fullFile": "",
          "file": "",
          "beforeHooks": [],
          "afterHooks": [],
          "tests": [
            {
              "title": "Deve realizar cadastro com sucesso (todos campos preenchidos)",
              "fullTitle": "US-003 - Funcionalidade: Cadastro no Checkout Deve realizar cadastro com sucesso (todos campos preenchidos)",
              "timedOut": null,
              "duration": 579,
              "state": "failed",
              "speed": null,
              "pass": false,
              "fail": true,
              "pending": false,
              "context": null,
              "code": "_CheckoutPage.default.preencherCadastro('Leonardo', 'Pattussi', '96000000');\ncy.get('[data-test=\"finish\"]').click();\ncy.get('.complete-header').should('contain.text', 'Thank you for your order!');",
              "err": {
                "message": "TypeError: _ProductsPage.default.adicionarProdutoAoCarrinho is not a function\n\nBecause this error occurred during a `before each` hook we are skipping the remaining tests in the current suite: `US-003 - Funcionalidade: Ca...`",
                "estack": "TypeError: _ProductsPage.default.adicionarProdutoAoCarrinho is not a function\n\nBecause this error occurred during a `before each` hook we are skipping the remaining tests in the current suite: `US-003 - Funcionalidade: Ca...`\n    at Context.eval (webpack://sauce-cypress-automation/./cypress/e2e/cadastro_check_out.cy.js:12:17)\n    at runnable.fn (https://www.saucedemo.com/__cypress/runner/cypress_runner.js:140440:19)\n    at callFn (https://www.saucedemo.com/__cypress/runner/cypress_runner.js:159518:21)\n    at Runnable.run (https://www.saucedemo.com/__cypress/runner/cypress_runner.js:159505:7)\n    at <unknown> (https://www.saucedemo.com/__cypress/runner/cypress_runner.js:165577:30)\n    at PassThroughHandlerContext.finallyHandler (https://www.saucedemo.com/__cypress/runner/cypress_runner.js:4042:23)\n    at PassThroughHandlerContext.tryCatcher (https://www.saucedemo.com/__cypress/runner/cypress_runner.js:1777:23)\n    at Promise._settlePromiseFromHandler (https://www.saucedemo.com/__cypress/runner/cypress_runner.js:1489:31)\n    at Promise._settlePromise (https://www.saucedemo.com/__cypress/runner/cypress_runner.js:1546:18)",
                "diff": null
              },
              "uuid": "359e38b4-2598-461f-8a60-b6383ea53100",
              "parentUUID": "d70db0fe-de30-4f70-bd08-06159780a407",
              "isHook": false,
              "skipped": false
            },
            {
              "title": "Deve exibir erro ao deixar todos os campos vazios",
              "fullTitle": "US-003 - Funcionalidade: Cadastro no Checkout Deve exibir erro ao deixar todos os campos vazios",
              "timedOut": null,
              "duration": 0,
              "state": "skipped",
              "speed": null,
              "pass": false,
              "fail": false,
              "pending": false,
              "context": null,
              "code": "cy.get('[data-test=\"continue\"]').click();\n_CheckoutPage.default.validarMensagemErro('Error: First Name is required');",
              "err": {},
              "uuid": "3d5b4b99-9eac-47ce-9e25-8faa5c48c6e2",
              "parentUUID": "d70db0fe-de30-4f70-bd08-06159780a407",
              "isHook": false,
              "skipped": true
            },
            {
              "title": "Deve validar ausência de nome",
              "fullTitle": "US-003 - Funcionalidade: Cadastro no Checkout Deve validar ausência de nome",
              "timedOut": null,
              "duration": 0,
              "state": "skipped",
              "speed": null,
              "pass": false,
              "fail": false,
              "pending": false,
              "context": null,
              "code": "_CheckoutPage.default.preencherCadastro('', 'Pattussi', '96000000');\n_CheckoutPage.default.validarMensagemErro('Error: First Name is required');",
              "err": {},
              "uuid": "5ef4125b-5c47-43d4-9390-c303c51a3a37",
              "parentUUID": "d70db0fe-de30-4f70-bd08-06159780a407",
              "isHook": false,
              "skipped": true
            },
            {
              "title": "Deve validar ausência de sobrenome",
              "fullTitle": "US-003 - Funcionalidade: Cadastro no Checkout Deve validar ausência de sobrenome",
              "timedOut": null,
              "duration": 0,
              "state": "skipped",
              "speed": null,
              "pass": false,
              "fail": false,
              "pending": false,
              "context": null,
              "code": "_CheckoutPage.default.preencherCadastro('Leonardo', '', '96000000');\n_CheckoutPage.default.validarMensagemErro('Error: Last Name is required');",
              "err": {},
              "uuid": "949c9db2-8012-4b06-a26e-78f59aada272",
              "parentUUID": "d70db0fe-de30-4f70-bd08-06159780a407",
              "isHook": false,
              "skipped": true
            },
            {
              "title": "Deve validar ausência de CEP",
              "fullTitle": "US-003 - Funcionalidade: Cadastro no Checkout Deve validar ausência de CEP",
              "timedOut": null,
              "duration": 0,
              "state": "skipped",
              "speed": null,
              "pass": false,
              "fail": false,
              "pending": false,
              "context": null,
              "code": "_CheckoutPage.default.preencherCadastro('Leonardo', 'Pattussi', '');\n_CheckoutPage.default.validarMensagemErro('Error: Postal Code is required');",
              "err": {},
              "uuid": "50c5ec83-71f9-40cf-b69c-34baa958b7e0",
              "parentUUID": "d70db0fe-de30-4f70-bd08-06159780a407",
              "isHook": false,
              "skipped": true
            },
            {
              "title": "Deve permitir cancelar o checkout e voltar ao carrinho",
              "fullTitle": "US-003 - Funcionalidade: Cadastro no Checkout Deve permitir cancelar o checkout e voltar ao carrinho",
              "timedOut": null,
              "duration": 0,
              "state": "skipped",
              "speed": null,
              "pass": false,
              "fail": false,
              "pending": false,
              "context": null,
              "code": "_CheckoutPage.default.cancelarCheckout();\n_CheckoutPage.default.validarRetornoAoCarrinho();",
              "err": {},
              "uuid": "ccafaa79-e31a-40a8-ace8-44a675eae5c8",
              "parentUUID": "d70db0fe-de30-4f70-bd08-06159780a407",
              "isHook": false,
              "skipped": true
            }
          ],
          "suites": [],
          "passes": [],
          "failures": [
            "359e38b4-2598-461f-8a60-b6383ea53100"
          ],
          "pending": [],
          "skipped": [
            "3d5b4b99-9eac-47ce-9e25-8faa5c48c6e2",
            "5ef4125b-5c47-43d4-9390-c303c51a3a37",
            "949c9db2-8012-4b06-a26e-78f59aada272",
            "50c5ec83-71f9-40cf-b69c-34baa958b7e0",
            "ccafaa79-e31a-40a8-ace8-44a675eae5c8"
          ],
          "duration": 579,
          "root": false,
          "rootEmpty": false,
          "_timeout": 2000
        }
      ],
      "passes": [],
      "failures": [],
      "pending": [],
      "skipped": [],
      "duration": 0,
      "root": true,
      "rootEmpty": true,
      "_timeout": 2000
    }
  ],
  "meta": {
    "mocha": {
      "version": "7.2.0"
    },
    "mochawesome": {
      "options": {
        "quiet": false,
        "reportFilename": "mochawesome",
        "saveHtml": false,
        "saveJson": true,
        "consoleReporter": "spec",
        "useInlineDiffs": false,
        "code": true
      },
      "version": "7.1.4"
    },
    "marge": {
      "options": {
        "reportDir": "cypress/reports",
        "overwrite": false,
        "html": false,
        "json": true
      },
      "version": "6.3.1"
    }
  }
}