{
  "stats": {
    "suites": 1,
    "tests": 5,
    "passes": 5,
    "pending": 0,
    "failures": 0,
    "start": "2025-11-05T22:02:58.769Z",
    "end": "2025-11-05T22:03:10.060Z",
    "duration": 11291,
    "testsRegistered": 5,
    "passPercent": 100,
    "pendingPercent": 0,
    "other": 0,
    "hasOther": false,
    "skipped": 0,
    "hasSkipped": false
  },
  "results": [
    {
      "uuid": "a327969a-c218-4a0c-8c0f-1fcfe5533a61",
      "title": "",
      "fullFile": "cypress\\e2e\\filtro_produto.cy.js",
      "file": "cypress\\e2e\\filtro_produto.cy.js",
      "beforeHooks": [],
      "afterHooks": [],
      "tests": [],
      "suites": [
        {
          "uuid": "88331996-f2b4-4a07-ac7a-be092574ccef",
          "title": "US-004 - Funcionalidade: Ordenação de produtos",
          "fullFile": "",
          "file": "",
          "beforeHooks": [],
          "afterHooks": [],
          "tests": [
            {
              "title": "Deve ordenar produtos por preço decrescente (High to Low)",
              "fullTitle": "US-004 - Funcionalidade: Ordenação de produtos Deve ordenar produtos por preço decrescente (High to Low)",
              "timedOut": null,
              "duration": 3942,
              "state": "passed",
              "speed": "fast",
              "pass": true,
              "fail": false,
              "pending": false,
              "context": null,
              "code": "_ProductsPage.default.selecionarFiltro('hilo');\ncy.get('.inventory_item_price').then(prices => {\n  const valores = [...prices].map(el => parseFloat(el.innerText.replace('$', '')));\n  const ordenado = [...valores].sort((a, b) => b - a);\n  expect(valores).to.deep.equal(ordenado);\n});",
              "err": {},
              "uuid": "e361cd6c-8c57-49bd-a3b2-beeada730238",
              "parentUUID": "88331996-f2b4-4a07-ac7a-be092574ccef",
              "isHook": false,
              "skipped": false
            },
            {
              "title": "Deve ordenar produtos por preço crescente (Low to High)",
              "fullTitle": "US-004 - Funcionalidade: Ordenação de produtos Deve ordenar produtos por preço crescente (Low to High)",
              "timedOut": null,
              "duration": 1849,
              "state": "passed",
              "speed": "fast",
              "pass": true,
              "fail": false,
              "pending": false,
              "context": null,
              "code": "_ProductsPage.default.selecionarFiltro('lohi');\ncy.get('.inventory_item_price').then(prices => {\n  const valores = [...prices].map(el => parseFloat(el.innerText.replace('$', '')));\n  const ordenado = [...valores].sort((a, b) => a - b);\n  expect(valores).to.deep.equal(ordenado);\n});",
              "err": {},
              "uuid": "0e88f969-9c4c-4e2f-94a8-3521bf8d8697",
              "parentUUID": "88331996-f2b4-4a07-ac7a-be092574ccef",
              "isHook": false,
              "skipped": false
            },
            {
              "title": "Deve ordenar produtos alfabeticamente (A-Z)",
              "fullTitle": "US-004 - Funcionalidade: Ordenação de produtos Deve ordenar produtos alfabeticamente (A-Z)",
              "timedOut": null,
              "duration": 2050,
              "state": "passed",
              "speed": "fast",
              "pass": true,
              "fail": false,
              "pending": false,
              "context": null,
              "code": "_ProductsPage.default.selecionarFiltro('az');\ncy.get('.inventory_item_name').then(items => {\n  const nomes = [...items].map(el => el.innerText);\n  const ordenado = [...nomes].sort();\n  expect(nomes).to.deep.equal(ordenado);\n});",
              "err": {},
              "uuid": "67e6ddcf-2f1e-4482-9321-2fe7d5dee488",
              "parentUUID": "88331996-f2b4-4a07-ac7a-be092574ccef",
              "isHook": false,
              "skipped": false
            },
            {
              "title": "Deve ordenar produtos alfabeticamente (Z-A)",
              "fullTitle": "US-004 - Funcionalidade: Ordenação de produtos Deve ordenar produtos alfabeticamente (Z-A)",
              "timedOut": null,
              "duration": 1586,
              "state": "passed",
              "speed": "fast",
              "pass": true,
              "fail": false,
              "pending": false,
              "context": null,
              "code": "_ProductsPage.default.selecionarFiltro('za');\ncy.get('.inventory_item_name').then(items => {\n  const nomes = [...items].map(el => el.innerText);\n  const ordenado = [...nomes].sort().reverse();\n  expect(nomes).to.deep.equal(ordenado);\n});",
              "err": {},
              "uuid": "89fa8df1-fda7-4758-84e5-053b5e97bc28",
              "parentUUID": "88331996-f2b4-4a07-ac7a-be092574ccef",
              "isHook": false,
              "skipped": false
            },
            {
              "title": "Deve manter ordem padrão ao carregar a página",
              "fullTitle": "US-004 - Funcionalidade: Ordenação de produtos Deve manter ordem padrão ao carregar a página",
              "timedOut": null,
              "duration": 1406,
              "state": "passed",
              "speed": "fast",
              "pass": true,
              "fail": false,
              "pending": false,
              "context": null,
              "code": "cy.url().should('include', '/inventory.html');\n_ProductsPage.default.validarOrdemEsperada(['Sauce Labs Backpack', 'Sauce Labs Bike Light', 'Sauce Labs Bolt T-Shirt', 'Sauce Labs Fleece Jacket', 'Sauce Labs Onesie', 'Test.allTheThings() T-Shirt (Red)']);",
              "err": {},
              "uuid": "242f224e-5baa-4bfc-a5a1-a0b4f3a1bd30",
              "parentUUID": "88331996-f2b4-4a07-ac7a-be092574ccef",
              "isHook": false,
              "skipped": false
            }
          ],
          "suites": [],
          "passes": [
            "e361cd6c-8c57-49bd-a3b2-beeada730238",
            "0e88f969-9c4c-4e2f-94a8-3521bf8d8697",
            "67e6ddcf-2f1e-4482-9321-2fe7d5dee488",
            "89fa8df1-fda7-4758-84e5-053b5e97bc28",
            "242f224e-5baa-4bfc-a5a1-a0b4f3a1bd30"
          ],
          "failures": [],
          "pending": [],
          "skipped": [],
          "duration": 10833,
          "root": false,
          "rootEmpty": false,
          "_timeout": 2000
        }
      ],
      "passes": [],
      "failures": [],
      "pending": [],
      "skipped": [],
      "duration": 0,
      "root": true,
      "rootEmpty": true,
      "_timeout": 2000
    }
  ],
  "meta": {
    "mocha": {
      "version": "7.2.0"
    },
    "mochawesome": {
      "options": {
        "quiet": false,
        "reportFilename": "mochawesome",
        "saveHtml": false,
        "saveJson": true,
        "consoleReporter": "spec",
        "useInlineDiffs": false,
        "code": true
      },
      "version": "7.1.4"
    },
    "marge": {
      "options": {
        "reportDir": "cypress/reports",
        "overwrite": false,
        "html": false,
        "json": true
      },
      "version": "6.3.2"
    }
  }
}