{
  "stats": {
    "suites": 1,
    "tests": 6,
    "passes": 6,
    "pending": 0,
    "failures": 0,
    "start": "2025-11-05T00:57:56.144Z",
    "end": "2025-11-05T00:58:15.207Z",
    "duration": 19063,
    "testsRegistered": 6,
    "passPercent": 100,
    "pendingPercent": 0,
    "other": 0,
    "hasOther": false,
    "skipped": 0,
    "hasSkipped": false
  },
  "results": [
    {
      "uuid": "a4c9ce93-c2b1-4e82-b70d-f25b6fc6d967",
      "title": "",
      "fullFile": "cypress\\e2e\\cadastro_check_out.cy.js",
      "file": "cypress\\e2e\\cadastro_check_out.cy.js",
      "beforeHooks": [],
      "afterHooks": [],
      "tests": [],
      "suites": [
        {
          "uuid": "553e42bd-86e2-4963-9c6b-56430c8d8ba4",
          "title": "US-003 - Funcionalidade: Cadastro no Checkout",
          "fullFile": "",
          "file": "",
          "beforeHooks": [],
          "afterHooks": [],
          "tests": [
            {
              "title": "Deve realizar cadastro com sucesso (todos campos preenchidos)",
              "fullTitle": "US-003 - Funcionalidade: Cadastro no Checkout Deve realizar cadastro com sucesso (todos campos preenchidos)",
              "timedOut": null,
              "duration": 6590,
              "state": "passed",
              "speed": "medium",
              "pass": true,
              "fail": false,
              "pending": false,
              "context": null,
              "code": "_CheckoutPage.default.preencherCadastro('Leonardo', 'Pattussi', '96000000');\ncy.get('[data-test=\"finish\"]').click();\ncy.get('.complete-header').should('contain.text', 'Thank you for your order!');",
              "err": {},
              "uuid": "8557617f-4e33-469f-bbbd-e6212479550e",
              "parentUUID": "553e42bd-86e2-4963-9c6b-56430c8d8ba4",
              "isHook": false,
              "skipped": false
            },
            {
              "title": "Deve exibir erro ao deixar todos os campos vazios",
              "fullTitle": "US-003 - Funcionalidade: Cadastro no Checkout Deve exibir erro ao deixar todos os campos vazios",
              "timedOut": null,
              "duration": 2616,
              "state": "passed",
              "speed": "fast",
              "pass": true,
              "fail": false,
              "pending": false,
              "context": null,
              "code": "cy.get('[data-test=\"continue\"]').click();\n_CheckoutPage.default.validarMensagemErro('Error: First Name is required');",
              "err": {},
              "uuid": "de79223a-a3e9-40fd-9b19-76bdab8a7fb4",
              "parentUUID": "553e42bd-86e2-4963-9c6b-56430c8d8ba4",
              "isHook": false,
              "skipped": false
            },
            {
              "title": "Deve validar ausência de nome",
              "fullTitle": "US-003 - Funcionalidade: Cadastro no Checkout Deve validar ausência de nome",
              "timedOut": null,
              "duration": 2645,
              "state": "passed",
              "speed": "fast",
              "pass": true,
              "fail": false,
              "pending": false,
              "context": null,
              "code": "_CheckoutPage.default.preencherCadastro('', 'Pattussi', '96000000');\n_CheckoutPage.default.validarMensagemErro('Error: First Name is required');",
              "err": {},
              "uuid": "b8685c68-7cf0-45cb-8539-dc15837947dc",
              "parentUUID": "553e42bd-86e2-4963-9c6b-56430c8d8ba4",
              "isHook": false,
              "skipped": false
            },
            {
              "title": "Deve validar ausência de sobrenome",
              "fullTitle": "US-003 - Funcionalidade: Cadastro no Checkout Deve validar ausência de sobrenome",
              "timedOut": null,
              "duration": 2619,
              "state": "passed",
              "speed": "fast",
              "pass": true,
              "fail": false,
              "pending": false,
              "context": null,
              "code": "_CheckoutPage.default.preencherCadastro('Leonardo', '', '96000000');\n_CheckoutPage.default.validarMensagemErro('Error: Last Name is required');",
              "err": {},
              "uuid": "f332e016-836a-49df-9834-843d53a59c8e",
              "parentUUID": "553e42bd-86e2-4963-9c6b-56430c8d8ba4",
              "isHook": false,
              "skipped": false
            },
            {
              "title": "Deve validar ausência de CEP",
              "fullTitle": "US-003 - Funcionalidade: Cadastro no Checkout Deve validar ausência de CEP",
              "timedOut": null,
              "duration": 2507,
              "state": "passed",
              "speed": "fast",
              "pass": true,
              "fail": false,
              "pending": false,
              "context": null,
              "code": "_CheckoutPage.default.preencherCadastro('Leonardo', 'Pattussi', '');\n_CheckoutPage.default.validarMensagemErro('Error: Postal Code is required');",
              "err": {},
              "uuid": "c92acedc-2be3-4306-9067-caeab6e8191f",
              "parentUUID": "553e42bd-86e2-4963-9c6b-56430c8d8ba4",
              "isHook": false,
              "skipped": false
            },
            {
              "title": "Deve permitir cancelar o checkout e voltar ao carrinho",
              "fullTitle": "US-003 - Funcionalidade: Cadastro no Checkout Deve permitir cancelar o checkout e voltar ao carrinho",
              "timedOut": null,
              "duration": 1731,
              "state": "passed",
              "speed": "fast",
              "pass": true,
              "fail": false,
              "pending": false,
              "context": null,
              "code": "_CheckoutPage.default.cancelarCheckout();",
              "err": {},
              "uuid": "527471ba-f7b6-4eb0-acec-61fa0c534bb9",
              "parentUUID": "553e42bd-86e2-4963-9c6b-56430c8d8ba4",
              "isHook": false,
              "skipped": false
            }
          ],
          "suites": [],
          "passes": [
            "8557617f-4e33-469f-bbbd-e6212479550e",
            "de79223a-a3e9-40fd-9b19-76bdab8a7fb4",
            "b8685c68-7cf0-45cb-8539-dc15837947dc",
            "f332e016-836a-49df-9834-843d53a59c8e",
            "c92acedc-2be3-4306-9067-caeab6e8191f",
            "527471ba-f7b6-4eb0-acec-61fa0c534bb9"
          ],
          "failures": [],
          "pending": [],
          "skipped": [],
          "duration": 18708,
          "root": false,
          "rootEmpty": false,
          "_timeout": 2000
        }
      ],
      "passes": [],
      "failures": [],
      "pending": [],
      "skipped": [],
      "duration": 0,
      "root": true,
      "rootEmpty": true,
      "_timeout": 2000
    }
  ],
  "meta": {
    "mocha": {
      "version": "7.2.0"
    },
    "mochawesome": {
      "options": {
        "quiet": false,
        "reportFilename": "mochawesome",
        "saveHtml": false,
        "saveJson": true,
        "consoleReporter": "spec",
        "useInlineDiffs": false,
        "code": true
      },
      "version": "7.1.4"
    },
    "marge": {
      "options": {
        "reportDir": "cypress/reports",
        "overwrite": false,
        "html": false,
        "json": true
      },
      "version": "6.3.1"
    }
  }
}