{
  "stats": {
    "suites": 1,
    "tests": 7,
    "passes": 7,
    "pending": 0,
    "failures": 0,
    "start": "2025-11-05T22:03:16.555Z",
    "end": "2025-11-05T22:03:29.270Z",
    "duration": 12715,
    "testsRegistered": 7,
    "passPercent": 100,
    "pendingPercent": 0,
    "other": 0,
    "hasOther": false,
    "skipped": 0,
    "hasSkipped": false
  },
  "results": [
    {
      "uuid": "2d51bf6e-0191-4bef-8d5b-e6d8dbff82ad",
      "title": "",
      "fullFile": "cypress\\e2e\\login.cy.js",
      "file": "cypress\\e2e\\login.cy.js",
      "beforeHooks": [],
      "afterHooks": [],
      "tests": [],
      "suites": [
        {
          "uuid": "3d5cb76d-0cfe-413a-bbac-9bfce0336544",
          "title": "US-001 - Funcionalidade: Página de Login",
          "fullFile": "",
          "file": "",
          "beforeHooks": [],
          "afterHooks": [],
          "tests": [
            {
              "title": "Deve realizar login com sucesso",
              "fullTitle": "US-001 - Funcionalidade: Página de Login Deve realizar login com sucesso",
              "timedOut": null,
              "duration": 3285,
              "state": "passed",
              "speed": "fast",
              "pass": true,
              "fail": false,
              "pending": false,
              "context": null,
              "code": "cy.log(' Tentando login com credenciais válidas');\n_LoginPage.default.fazerLogin('standard_user', 'secret_sauce');\n_LoginPage.default.validarLoginSucesso();",
              "err": {},
              "uuid": "d94bd675-34e8-47d1-806a-d7769f82dfea",
              "parentUUID": "3d5cb76d-0cfe-413a-bbac-9bfce0336544",
              "isHook": false,
              "skipped": false
            },
            {
              "title": "Deve exibir mensagem para usuário bloqueado",
              "fullTitle": "US-001 - Funcionalidade: Página de Login Deve exibir mensagem para usuário bloqueado",
              "timedOut": null,
              "duration": 2345,
              "state": "passed",
              "speed": "fast",
              "pass": true,
              "fail": false,
              "pending": false,
              "context": null,
              "code": "cy.log('Tentando login com usuário bloqueado');\ncy.login('locked_out_user', 'secret_sauce');\ncy.wait(1000); // pequena espera para renderização\n_LoginPage.default.validarMensagemErro('Epic sadface: Sorry, this user has been locked out.');",
              "err": {},
              "uuid": "c690a6b4-6581-410d-b6dd-f08667a88d9a",
              "parentUUID": "3d5cb76d-0cfe-413a-bbac-9bfce0336544",
              "isHook": false,
              "skipped": false
            },
            {
              "title": "Deve validar campo usuário obrigatório",
              "fullTitle": "US-001 - Funcionalidade: Página de Login Deve validar campo usuário obrigatório",
              "timedOut": null,
              "duration": 1788,
              "state": "passed",
              "speed": "fast",
              "pass": true,
              "fail": false,
              "pending": false,
              "context": null,
              "code": "_LoginPage.default.fazerLogin('', 'secret_sauce');\n_LoginPage.default.validarMensagemErro('Epic sadface: Username is required');",
              "err": {},
              "uuid": "34059dd8-ab9f-464f-a471-ee7e42dd1912",
              "parentUUID": "3d5cb76d-0cfe-413a-bbac-9bfce0336544",
              "isHook": false,
              "skipped": false
            },
            {
              "title": "Deve validar campo senha obrigatório",
              "fullTitle": "US-001 - Funcionalidade: Página de Login Deve validar campo senha obrigatório",
              "timedOut": null,
              "duration": 811,
              "state": "passed",
              "speed": "fast",
              "pass": true,
              "fail": false,
              "pending": false,
              "context": null,
              "code": "_LoginPage.default.fazerLogin('standard_user', '');\n_LoginPage.default.validarMensagemErro('Epic sadface: Password is required');",
              "err": {},
              "uuid": "97e9a5ec-3b77-421c-93c8-0dd4fec78d02",
              "parentUUID": "3d5cb76d-0cfe-413a-bbac-9bfce0336544",
              "isHook": false,
              "skipped": false
            },
            {
              "title": "Deve realizar logout com sucesso",
              "fullTitle": "US-001 - Funcionalidade: Página de Login Deve realizar logout com sucesso",
              "timedOut": null,
              "duration": 1940,
              "state": "passed",
              "speed": "fast",
              "pass": true,
              "fail": false,
              "pending": false,
              "context": null,
              "code": "_LoginPage.default.fazerLogin('standard_user', 'secret_sauce');\ncy.logout();\ncy.get('[data-test=\"login-button\"]').should('have.value', 'Login');",
              "err": {},
              "uuid": "83910b8c-3f64-4d03-b879-1edf37fceef5",
              "parentUUID": "3d5cb76d-0cfe-413a-bbac-9bfce0336544",
              "isHook": false,
              "skipped": false
            },
            {
              "title": "Deve exibir mensagem para credenciais inválidas",
              "fullTitle": "US-001 - Funcionalidade: Página de Login Deve exibir mensagem para credenciais inválidas",
              "timedOut": null,
              "duration": 1350,
              "state": "passed",
              "speed": "fast",
              "pass": true,
              "fail": false,
              "pending": false,
              "context": null,
              "code": "_LoginPage.default.fazerLogin('standard_user', 'senha_errada');\n_LoginPage.default.validarMensagemErro('Epic sadface: Username and password do not match');",
              "err": {},
              "uuid": "052a1ba5-dcbf-4b8a-89e1-3fdd03ec2635",
              "parentUUID": "3d5cb76d-0cfe-413a-bbac-9bfce0336544",
              "isHook": false,
              "skipped": false
            },
            {
              "title": "Deve fechar alerta de erro ao clicar no botão X",
              "fullTitle": "US-001 - Funcionalidade: Página de Login Deve fechar alerta de erro ao clicar no botão X",
              "timedOut": null,
              "duration": 471,
              "state": "passed",
              "speed": "fast",
              "pass": true,
              "fail": false,
              "pending": false,
              "context": null,
              "code": "_LoginPage.default.fazerLogin('', '');\ncy.get('.error-button').click();\ncy.get('[data-test=\"error\"]').should('not.exist');",
              "err": {},
              "uuid": "d83ebdc3-3f38-49cf-b27c-ff39519057aa",
              "parentUUID": "3d5cb76d-0cfe-413a-bbac-9bfce0336544",
              "isHook": false,
              "skipped": false
            }
          ],
          "suites": [],
          "passes": [
            "d94bd675-34e8-47d1-806a-d7769f82dfea",
            "c690a6b4-6581-410d-b6dd-f08667a88d9a",
            "34059dd8-ab9f-464f-a471-ee7e42dd1912",
            "97e9a5ec-3b77-421c-93c8-0dd4fec78d02",
            "83910b8c-3f64-4d03-b879-1edf37fceef5",
            "052a1ba5-dcbf-4b8a-89e1-3fdd03ec2635",
            "d83ebdc3-3f38-49cf-b27c-ff39519057aa"
          ],
          "failures": [],
          "pending": [],
          "skipped": [],
          "duration": 11990,
          "root": false,
          "rootEmpty": false,
          "_timeout": 2000
        }
      ],
      "passes": [],
      "failures": [],
      "pending": [],
      "skipped": [],
      "duration": 0,
      "root": true,
      "rootEmpty": true,
      "_timeout": 2000
    }
  ],
  "meta": {
    "mocha": {
      "version": "7.2.0"
    },
    "mochawesome": {
      "options": {
        "quiet": false,
        "reportFilename": "mochawesome",
        "saveHtml": false,
        "saveJson": true,
        "consoleReporter": "spec",
        "useInlineDiffs": false,
        "code": true
      },
      "version": "7.1.4"
    },
    "marge": {
      "options": {
        "reportDir": "cypress/reports",
        "overwrite": false,
        "html": false,
        "json": true
      },
      "version": "6.3.2"
    }
  }
}