{
  "stats": {
    "suites": 1,
    "tests": 5,
    "passes": 5,
    "pending": 0,
    "failures": 0,
    "start": "2025-11-05T20:58:54.747Z",
    "end": "2025-11-05T20:59:07.075Z",
    "duration": 12328,
    "testsRegistered": 5,
    "passPercent": 100,
    "pendingPercent": 0,
    "other": 0,
    "hasOther": false,
    "skipped": 0,
    "hasSkipped": false
  },
  "results": [
    {
      "uuid": "494d37e9-0182-485d-9ba1-85b3e4983620",
      "title": "",
      "fullFile": "cypress\\e2e\\filtro_produto.cy.js",
      "file": "cypress\\e2e\\filtro_produto.cy.js",
      "beforeHooks": [],
      "afterHooks": [],
      "tests": [],
      "suites": [
        {
          "uuid": "6061f447-b2e9-44fc-bc1c-8167496f2e5f",
          "title": "US-004 - Funcionalidade: Ordenação de produtos",
          "fullFile": "",
          "file": "",
          "beforeHooks": [],
          "afterHooks": [],
          "tests": [
            {
              "title": "Deve ordenar produtos por preço decrescente (High to Low)",
              "fullTitle": "US-004 - Funcionalidade: Ordenação de produtos Deve ordenar produtos por preço decrescente (High to Low)",
              "timedOut": null,
              "duration": 4527,
              "state": "passed",
              "speed": "fast",
              "pass": true,
              "fail": false,
              "pending": false,
              "context": null,
              "code": "_ProductsPage.default.selecionarFiltro('hilo');\ncy.get('.inventory_item_price').then(prices => {\n  const valores = [...prices].map(el => parseFloat(el.innerText.replace('$', '')));\n  const ordenado = [...valores].sort((a, b) => b - a);\n  expect(valores).to.deep.equal(ordenado);\n});",
              "err": {},
              "uuid": "9795ef40-dfeb-4900-801b-971363260879",
              "parentUUID": "6061f447-b2e9-44fc-bc1c-8167496f2e5f",
              "isHook": false,
              "skipped": false
            },
            {
              "title": "Deve ordenar produtos por preço crescente (Low to High)",
              "fullTitle": "US-004 - Funcionalidade: Ordenação de produtos Deve ordenar produtos por preço crescente (Low to High)",
              "timedOut": null,
              "duration": 1811,
              "state": "passed",
              "speed": "fast",
              "pass": true,
              "fail": false,
              "pending": false,
              "context": null,
              "code": "_ProductsPage.default.selecionarFiltro('lohi');\ncy.get('.inventory_item_price').then(prices => {\n  const valores = [...prices].map(el => parseFloat(el.innerText.replace('$', '')));\n  const ordenado = [...valores].sort((a, b) => a - b);\n  expect(valores).to.deep.equal(ordenado);\n});",
              "err": {},
              "uuid": "418262d9-a3aa-4be3-80c4-cd31e9e1ed2d",
              "parentUUID": "6061f447-b2e9-44fc-bc1c-8167496f2e5f",
              "isHook": false,
              "skipped": false
            },
            {
              "title": "Deve ordenar produtos alfabeticamente (A-Z)",
              "fullTitle": "US-004 - Funcionalidade: Ordenação de produtos Deve ordenar produtos alfabeticamente (A-Z)",
              "timedOut": null,
              "duration": 2509,
              "state": "passed",
              "speed": "fast",
              "pass": true,
              "fail": false,
              "pending": false,
              "context": null,
              "code": "_ProductsPage.default.selecionarFiltro('az');\ncy.get('.inventory_item_name').then(items => {\n  const nomes = [...items].map(el => el.innerText);\n  const ordenado = [...nomes].sort();\n  expect(nomes).to.deep.equal(ordenado);\n});",
              "err": {},
              "uuid": "0d99253a-b8c7-4b6e-ba95-b48b7c8783af",
              "parentUUID": "6061f447-b2e9-44fc-bc1c-8167496f2e5f",
              "isHook": false,
              "skipped": false
            },
            {
              "title": "Deve ordenar produtos alfabeticamente (Z-A)",
              "fullTitle": "US-004 - Funcionalidade: Ordenação de produtos Deve ordenar produtos alfabeticamente (Z-A)",
              "timedOut": null,
              "duration": 1473,
              "state": "passed",
              "speed": "fast",
              "pass": true,
              "fail": false,
              "pending": false,
              "context": null,
              "code": "_ProductsPage.default.selecionarFiltro('za');\ncy.get('.inventory_item_name').then(items => {\n  const nomes = [...items].map(el => el.innerText);\n  const ordenado = [...nomes].sort().reverse();\n  expect(nomes).to.deep.equal(ordenado);\n});",
              "err": {},
              "uuid": "86bb39b0-15cc-4dec-b9a2-a3b9049f3b1f",
              "parentUUID": "6061f447-b2e9-44fc-bc1c-8167496f2e5f",
              "isHook": false,
              "skipped": false
            },
            {
              "title": "Deve manter ordem padrão ao carregar a página",
              "fullTitle": "US-004 - Funcionalidade: Ordenação de produtos Deve manter ordem padrão ao carregar a página",
              "timedOut": null,
              "duration": 1537,
              "state": "passed",
              "speed": "fast",
              "pass": true,
              "fail": false,
              "pending": false,
              "context": null,
              "code": "cy.url().should('include', '/inventory.html');\n_ProductsPage.default.validarOrdemEsperada(['Sauce Labs Backpack', 'Sauce Labs Bike Light', 'Sauce Labs Bolt T-Shirt', 'Sauce Labs Fleece Jacket', 'Sauce Labs Onesie', 'Test.allTheThings() T-Shirt (Red)']);",
              "err": {},
              "uuid": "c8f66e42-b92c-4de7-9697-53c8003aae6d",
              "parentUUID": "6061f447-b2e9-44fc-bc1c-8167496f2e5f",
              "isHook": false,
              "skipped": false
            }
          ],
          "suites": [],
          "passes": [
            "9795ef40-dfeb-4900-801b-971363260879",
            "418262d9-a3aa-4be3-80c4-cd31e9e1ed2d",
            "0d99253a-b8c7-4b6e-ba95-b48b7c8783af",
            "86bb39b0-15cc-4dec-b9a2-a3b9049f3b1f",
            "c8f66e42-b92c-4de7-9697-53c8003aae6d"
          ],
          "failures": [],
          "pending": [],
          "skipped": [],
          "duration": 11857,
          "root": false,
          "rootEmpty": false,
          "_timeout": 2000
        }
      ],
      "passes": [],
      "failures": [],
      "pending": [],
      "skipped": [],
      "duration": 0,
      "root": true,
      "rootEmpty": true,
      "_timeout": 2000
    }
  ],
  "meta": {
    "mocha": {
      "version": "7.2.0"
    },
    "mochawesome": {
      "options": {
        "quiet": false,
        "reportFilename": "mochawesome",
        "saveHtml": false,
        "saveJson": true,
        "consoleReporter": "spec",
        "useInlineDiffs": false,
        "code": true
      },
      "version": "7.1.4"
    },
    "marge": {
      "options": {
        "reportDir": "cypress/reports",
        "overwrite": false,
        "html": false,
        "json": true
      },
      "version": "6.3.2"
    }
  }
}