{
  "stats": {
    "suites": 1,
    "tests": 5,
    "passes": 5,
    "pending": 0,
    "failures": 0,
    "start": "2025-11-05T01:03:03.411Z",
    "end": "2025-11-05T01:03:13.932Z",
    "duration": 10521,
    "testsRegistered": 5,
    "passPercent": 100,
    "pendingPercent": 0,
    "other": 0,
    "hasOther": false,
    "skipped": 0,
    "hasSkipped": false
  },
  "results": [
    {
      "uuid": "537c2375-0103-4a70-894e-5e94d7547459",
      "title": "",
      "fullFile": "cypress\\e2e\\filtro_produto.cy.js",
      "file": "cypress\\e2e\\filtro_produto.cy.js",
      "beforeHooks": [],
      "afterHooks": [],
      "tests": [],
      "suites": [
        {
          "uuid": "b5d8c1c1-ec8c-40f7-95d0-3b2ffaeba94a",
          "title": "US-004 - Funcionalidade: Ordenação de produtos",
          "fullFile": "",
          "file": "",
          "beforeHooks": [],
          "afterHooks": [],
          "tests": [
            {
              "title": "Deve ordenar produtos por preço decrescente (High to Low)",
              "fullTitle": "US-004 - Funcionalidade: Ordenação de produtos Deve ordenar produtos por preço decrescente (High to Low)",
              "timedOut": null,
              "duration": 3790,
              "state": "passed",
              "speed": "fast",
              "pass": true,
              "fail": false,
              "pending": false,
              "context": null,
              "code": "_ProductsPage.default.selecionarFiltro('hilo');\ncy.get('.inventory_item_price').then(prices => {\n  const valores = [...prices].map(el => parseFloat(el.innerText.replace('$', '')));\n  const ordenado = [...valores].sort((a, b) => b - a);\n  expect(valores).to.deep.equal(ordenado);\n});",
              "err": {},
              "uuid": "472f8ce3-533a-4ccf-9ade-8888cbcfb781",
              "parentUUID": "b5d8c1c1-ec8c-40f7-95d0-3b2ffaeba94a",
              "isHook": false,
              "skipped": false
            },
            {
              "title": "Deve ordenar produtos por preço crescente (Low to High)",
              "fullTitle": "US-004 - Funcionalidade: Ordenação de produtos Deve ordenar produtos por preço crescente (Low to High)",
              "timedOut": null,
              "duration": 1721,
              "state": "passed",
              "speed": "fast",
              "pass": true,
              "fail": false,
              "pending": false,
              "context": null,
              "code": "_ProductsPage.default.selecionarFiltro('lohi');\ncy.get('.inventory_item_price').then(prices => {\n  const valores = [...prices].map(el => parseFloat(el.innerText.replace('$', '')));\n  const ordenado = [...valores].sort((a, b) => a - b);\n  expect(valores).to.deep.equal(ordenado);\n});",
              "err": {},
              "uuid": "179522f4-0051-4a81-b04a-65159b2ac0ed",
              "parentUUID": "b5d8c1c1-ec8c-40f7-95d0-3b2ffaeba94a",
              "isHook": false,
              "skipped": false
            },
            {
              "title": "Deve ordenar produtos alfabeticamente (A-Z)",
              "fullTitle": "US-004 - Funcionalidade: Ordenação de produtos Deve ordenar produtos alfabeticamente (A-Z)",
              "timedOut": null,
              "duration": 1808,
              "state": "passed",
              "speed": "fast",
              "pass": true,
              "fail": false,
              "pending": false,
              "context": null,
              "code": "_ProductsPage.default.selecionarFiltro('az');\ncy.get('.inventory_item_name').then(items => {\n  const nomes = [...items].map(el => el.innerText);\n  const ordenado = [...nomes].sort();\n  expect(nomes).to.deep.equal(ordenado);\n});",
              "err": {},
              "uuid": "13b0237e-dfb5-46b0-a01e-285dade15638",
              "parentUUID": "b5d8c1c1-ec8c-40f7-95d0-3b2ffaeba94a",
              "isHook": false,
              "skipped": false
            },
            {
              "title": "Deve ordenar produtos alfabeticamente (Z-A)",
              "fullTitle": "US-004 - Funcionalidade: Ordenação de produtos Deve ordenar produtos alfabeticamente (Z-A)",
              "timedOut": null,
              "duration": 1441,
              "state": "passed",
              "speed": "fast",
              "pass": true,
              "fail": false,
              "pending": false,
              "context": null,
              "code": "_ProductsPage.default.selecionarFiltro('za');\ncy.get('.inventory_item_name').then(items => {\n  const nomes = [...items].map(el => el.innerText);\n  const ordenado = [...nomes].sort().reverse();\n  expect(nomes).to.deep.equal(ordenado);\n});",
              "err": {},
              "uuid": "ef926911-91f9-4247-9b9f-64caabe7e737",
              "parentUUID": "b5d8c1c1-ec8c-40f7-95d0-3b2ffaeba94a",
              "isHook": false,
              "skipped": false
            },
            {
              "title": "Deve manter ordem padrão ao carregar a página",
              "fullTitle": "US-004 - Funcionalidade: Ordenação de produtos Deve manter ordem padrão ao carregar a página",
              "timedOut": null,
              "duration": 1311,
              "state": "passed",
              "speed": "fast",
              "pass": true,
              "fail": false,
              "pending": false,
              "context": null,
              "code": "cy.url().should('include', '/inventory.html');\n_ProductsPage.default.validarOrdemEsperada(['Sauce Labs Backpack', 'Sauce Labs Bike Light', 'Sauce Labs Bolt T-Shirt', 'Sauce Labs Fleece Jacket', 'Sauce Labs Onesie', 'Test.allTheThings() T-Shirt (Red)']);",
              "err": {},
              "uuid": "74020c8e-082d-4088-827c-5479133f3732",
              "parentUUID": "b5d8c1c1-ec8c-40f7-95d0-3b2ffaeba94a",
              "isHook": false,
              "skipped": false
            }
          ],
          "suites": [],
          "passes": [
            "472f8ce3-533a-4ccf-9ade-8888cbcfb781",
            "179522f4-0051-4a81-b04a-65159b2ac0ed",
            "13b0237e-dfb5-46b0-a01e-285dade15638",
            "ef926911-91f9-4247-9b9f-64caabe7e737",
            "74020c8e-082d-4088-827c-5479133f3732"
          ],
          "failures": [],
          "pending": [],
          "skipped": [],
          "duration": 10071,
          "root": false,
          "rootEmpty": false,
          "_timeout": 2000
        }
      ],
      "passes": [],
      "failures": [],
      "pending": [],
      "skipped": [],
      "duration": 0,
      "root": true,
      "rootEmpty": true,
      "_timeout": 2000
    }
  ],
  "meta": {
    "mocha": {
      "version": "7.2.0"
    },
    "mochawesome": {
      "options": {
        "quiet": false,
        "reportFilename": "mochawesome",
        "saveHtml": false,
        "saveJson": true,
        "consoleReporter": "spec",
        "useInlineDiffs": false,
        "code": true
      },
      "version": "7.1.4"
    },
    "marge": {
      "options": {
        "reportDir": "cypress/reports",
        "overwrite": false,
        "html": false,
        "json": true
      },
      "version": "6.3.1"
    }
  }
}