{
  "stats": {
    "suites": 1,
    "tests": 6,
    "passes": 6,
    "pending": 0,
    "failures": 0,
    "start": "2025-11-05T21:56:00.041Z",
    "end": "2025-11-05T21:56:22.367Z",
    "duration": 22326,
    "testsRegistered": 6,
    "passPercent": 100,
    "pendingPercent": 0,
    "other": 0,
    "hasOther": false,
    "skipped": 0,
    "hasSkipped": false
  },
  "results": [
    {
      "uuid": "429f7da3-6917-43a5-b2b1-682773e28204",
      "title": "",
      "fullFile": "cypress\\e2e\\cadastro_check_out.cy.js",
      "file": "cypress\\e2e\\cadastro_check_out.cy.js",
      "beforeHooks": [],
      "afterHooks": [],
      "tests": [],
      "suites": [
        {
          "uuid": "576b41a1-b91d-4c0b-a058-245f9e4ff4ac",
          "title": "US-003 - Funcionalidade: Cadastro no Checkout",
          "fullFile": "",
          "file": "",
          "beforeHooks": [],
          "afterHooks": [],
          "tests": [
            {
              "title": "Deve realizar cadastro com sucesso (todos campos preenchidos)",
              "fullTitle": "US-003 - Funcionalidade: Cadastro no Checkout Deve realizar cadastro com sucesso (todos campos preenchidos)",
              "timedOut": null,
              "duration": 7957,
              "state": "passed",
              "speed": "medium",
              "pass": true,
              "fail": false,
              "pending": false,
              "context": null,
              "code": "_CheckoutPage.default.preencherCadastro('Leonardo', 'Pattussi', '96000000');\ncy.get('[data-test=\"finish\"]').click();\ncy.get('.complete-header').should('contain.text', 'Thank you for your order!');",
              "err": {},
              "uuid": "705d6e40-aa25-40fb-93b5-765b59854012",
              "parentUUID": "576b41a1-b91d-4c0b-a058-245f9e4ff4ac",
              "isHook": false,
              "skipped": false
            },
            {
              "title": "Deve exibir erro ao deixar todos os campos vazios",
              "fullTitle": "US-003 - Funcionalidade: Cadastro no Checkout Deve exibir erro ao deixar todos os campos vazios",
              "timedOut": null,
              "duration": 3700,
              "state": "passed",
              "speed": "fast",
              "pass": true,
              "fail": false,
              "pending": false,
              "context": null,
              "code": "cy.get('[data-test=\"continue\"]').click();\n_CheckoutPage.default.validarMensagemErro('Error: First Name is required');",
              "err": {},
              "uuid": "22c92491-d503-49e7-9426-350f0b4a6d07",
              "parentUUID": "576b41a1-b91d-4c0b-a058-245f9e4ff4ac",
              "isHook": false,
              "skipped": false
            },
            {
              "title": "Deve validar ausência de nome",
              "fullTitle": "US-003 - Funcionalidade: Cadastro no Checkout Deve validar ausência de nome",
              "timedOut": null,
              "duration": 2707,
              "state": "passed",
              "speed": "fast",
              "pass": true,
              "fail": false,
              "pending": false,
              "context": null,
              "code": "_CheckoutPage.default.preencherCadastro('', 'Pattussi', '96000000');\n_CheckoutPage.default.validarMensagemErro('Error: First Name is required');",
              "err": {},
              "uuid": "061d462f-87ba-448a-bb8d-471c734f0f38",
              "parentUUID": "576b41a1-b91d-4c0b-a058-245f9e4ff4ac",
              "isHook": false,
              "skipped": false
            },
            {
              "title": "Deve validar ausência de sobrenome",
              "fullTitle": "US-003 - Funcionalidade: Cadastro no Checkout Deve validar ausência de sobrenome",
              "timedOut": null,
              "duration": 2711,
              "state": "passed",
              "speed": "fast",
              "pass": true,
              "fail": false,
              "pending": false,
              "context": null,
              "code": "_CheckoutPage.default.preencherCadastro('Leonardo', '', '96000000');\n_CheckoutPage.default.validarMensagemErro('Error: Last Name is required');",
              "err": {},
              "uuid": "3107a371-e265-45a0-8e9d-4fcfaaac0379",
              "parentUUID": "576b41a1-b91d-4c0b-a058-245f9e4ff4ac",
              "isHook": false,
              "skipped": false
            },
            {
              "title": "Deve validar ausência de CEP",
              "fullTitle": "US-003 - Funcionalidade: Cadastro no Checkout Deve validar ausência de CEP",
              "timedOut": null,
              "duration": 2857,
              "state": "passed",
              "speed": "fast",
              "pass": true,
              "fail": false,
              "pending": false,
              "context": null,
              "code": "_CheckoutPage.default.preencherCadastro('Leonardo', 'Pattussi', '');\n_CheckoutPage.default.validarMensagemErro('Error: Postal Code is required');",
              "err": {},
              "uuid": "c29a17b3-9dbd-488a-a46e-a6be09c1aab5",
              "parentUUID": "576b41a1-b91d-4c0b-a058-245f9e4ff4ac",
              "isHook": false,
              "skipped": false
            },
            {
              "title": "Deve permitir cancelar o checkout e voltar ao carrinho",
              "fullTitle": "US-003 - Funcionalidade: Cadastro no Checkout Deve permitir cancelar o checkout e voltar ao carrinho",
              "timedOut": null,
              "duration": 1877,
              "state": "passed",
              "speed": "fast",
              "pass": true,
              "fail": false,
              "pending": false,
              "context": null,
              "code": "_CheckoutPage.default.cancelarCheckout();",
              "err": {},
              "uuid": "ad65fcec-d209-4585-9eb3-54ba53aed73f",
              "parentUUID": "576b41a1-b91d-4c0b-a058-245f9e4ff4ac",
              "isHook": false,
              "skipped": false
            }
          ],
          "suites": [],
          "passes": [
            "705d6e40-aa25-40fb-93b5-765b59854012",
            "22c92491-d503-49e7-9426-350f0b4a6d07",
            "061d462f-87ba-448a-bb8d-471c734f0f38",
            "3107a371-e265-45a0-8e9d-4fcfaaac0379",
            "c29a17b3-9dbd-488a-a46e-a6be09c1aab5",
            "ad65fcec-d209-4585-9eb3-54ba53aed73f"
          ],
          "failures": [],
          "pending": [],
          "skipped": [],
          "duration": 21809,
          "root": false,
          "rootEmpty": false,
          "_timeout": 2000
        }
      ],
      "passes": [],
      "failures": [],
      "pending": [],
      "skipped": [],
      "duration": 0,
      "root": true,
      "rootEmpty": true,
      "_timeout": 2000
    }
  ],
  "meta": {
    "mocha": {
      "version": "7.2.0"
    },
    "mochawesome": {
      "options": {
        "quiet": false,
        "reportFilename": "mochawesome",
        "saveHtml": false,
        "saveJson": true,
        "consoleReporter": "spec",
        "useInlineDiffs": false,
        "code": true
      },
      "version": "7.1.4"
    },
    "marge": {
      "options": {
        "reportDir": "cypress/reports",
        "overwrite": false,
        "html": false,
        "json": true
      },
      "version": "6.3.2"
    }
  }
}