{
  "stats": {
    "suites": 40,
    "tests": 190,
    "passes": 190,
    "pending": 0,
    "failures": 0,
    "testsRegistered": 190,
    "passPercent": 100,
    "pendingPercent": 0,
    "other": 0,
    "hasOther": false,
    "skipped": 0,
    "hasSkipped": false,
    "start": "2025-11-05T21:41:30.321Z",
    "end": "2025-11-05T22:03:29.270Z",
    "duration": 1318949
  },
  "results": [
    {
      "uuid": "d4db47c3-781b-4326-87e2-b0eb6f160aba",
      "title": "",
      "fullFile": "cypress\\e2e\\e2e-saucelabs.cy.js",
      "file": "cypress\\e2e\\e2e-saucelabs.cy.js",
      "beforeHooks": [],
      "afterHooks": [],
      "tests": [],
      "suites": [
        {
          "uuid": "53361eb1-3eeb-4652-8264-1af921b7f9ad",
          "title": "US-002 - Fluxo completo de compra",
          "fullFile": "",
          "file": "",
          "beforeHooks": [],
          "afterHooks": [],
          "tests": [
            {
              "title": "Deve concluir uma compra com sucesso",
              "fullTitle": "US-002 - Fluxo completo de compra Deve concluir uma compra com sucesso",
              "timedOut": null,
              "duration": 6966,
              "state": "passed",
              "speed": "medium",
              "pass": true,
              "fail": false,
              "pending": false,
              "context": null,
              "code": "_LoginPage.default.acessarSite();\n_LoginPage.default.fazerLogin('standard_user', 'secret_sauce');\n_ProductsPage.default.adicionarProdutoAoCarrinho();\n_ProductsPage.default.irParaCarrinho();\ncy.get('[data-test=\"checkout\"]').click();\n_CheckoutPage.default.preencherCadastro('Leonardo', 'Pattussi', '96000000');\ncy.get('[data-test=\"finish\"]').click();\ncy.get('.complete-header').should('contain.text', 'Thank you for your order!');",
              "err": {},
              "uuid": "42a5074f-b1ac-46ee-a2fd-bbf50b54a694",
              "parentUUID": "53361eb1-3eeb-4652-8264-1af921b7f9ad",
              "isHook": false,
              "skipped": false
            }
          ],
          "suites": [],
          "passes": [
            "42a5074f-b1ac-46ee-a2fd-bbf50b54a694"
          ],
          "failures": [],
          "pending": [],
          "skipped": [],
          "duration": 6966,
          "root": false,
          "rootEmpty": false,
          "_timeout": 2000
        }
      ],
      "passes": [],
      "failures": [],
      "pending": [],
      "skipped": [],
      "duration": 0,
      "root": true,
      "rootEmpty": true,
      "_timeout": 2000
    },
    {
      "uuid": "0dcb3ad1-4033-4b72-a192-c01242444d91",
      "title": "",
      "fullFile": "cypress\\e2e\\filtro_produto.cy.js",
      "file": "cypress\\e2e\\filtro_produto.cy.js",
      "beforeHooks": [],
      "afterHooks": [],
      "tests": [],
      "suites": [
        {
          "uuid": "419c4bb5-13a1-4bd3-8636-60cc461eeb11",
          "title": "US-004 - Funcionalidade: Ordenação de produtos",
          "fullFile": "",
          "file": "",
          "beforeHooks": [],
          "afterHooks": [],
          "tests": [
            {
              "title": "Deve ordenar produtos por preço decrescente (High to Low)",
              "fullTitle": "US-004 - Funcionalidade: Ordenação de produtos Deve ordenar produtos por preço decrescente (High to Low)",
              "timedOut": null,
              "duration": 3996,
              "state": "passed",
              "speed": "fast",
              "pass": true,
              "fail": false,
              "pending": false,
              "context": null,
              "code": "_ProductsPage.default.selecionarFiltro('hilo');\ncy.get('.inventory_item_price').then(prices => {\n  const valores = [...prices].map(el => parseFloat(el.innerText.replace('$', '')));\n  const ordenado = [...valores].sort((a, b) => b - a);\n  expect(valores).to.deep.equal(ordenado);\n});",
              "err": {},
              "uuid": "7e30f999-01cd-4f2e-a049-5ba75fbe4e85",
              "parentUUID": "419c4bb5-13a1-4bd3-8636-60cc461eeb11",
              "isHook": false,
              "skipped": false
            },
            {
              "title": "Deve ordenar produtos por preço crescente (Low to High)",
              "fullTitle": "US-004 - Funcionalidade: Ordenação de produtos Deve ordenar produtos por preço crescente (Low to High)",
              "timedOut": null,
              "duration": 1845,
              "state": "passed",
              "speed": "fast",
              "pass": true,
              "fail": false,
              "pending": false,
              "context": null,
              "code": "_ProductsPage.default.selecionarFiltro('lohi');\ncy.get('.inventory_item_price').then(prices => {\n  const valores = [...prices].map(el => parseFloat(el.innerText.replace('$', '')));\n  const ordenado = [...valores].sort((a, b) => a - b);\n  expect(valores).to.deep.equal(ordenado);\n});",
              "err": {},
              "uuid": "7edea11a-49db-45a0-a311-ceddb2e09d45",
              "parentUUID": "419c4bb5-13a1-4bd3-8636-60cc461eeb11",
              "isHook": false,
              "skipped": false
            },
            {
              "title": "Deve ordenar produtos alfabeticamente (A-Z)",
              "fullTitle": "US-004 - Funcionalidade: Ordenação de produtos Deve ordenar produtos alfabeticamente (A-Z)",
              "timedOut": null,
              "duration": 3137,
              "state": "passed",
              "speed": "fast",
              "pass": true,
              "fail": false,
              "pending": false,
              "context": null,
              "code": "_ProductsPage.default.selecionarFiltro('az');\ncy.get('.inventory_item_name').then(items => {\n  const nomes = [...items].map(el => el.innerText);\n  const ordenado = [...nomes].sort();\n  expect(nomes).to.deep.equal(ordenado);\n});",
              "err": {},
              "uuid": "fd9ea61a-7ed7-4981-868a-daea4c56a83d",
              "parentUUID": "419c4bb5-13a1-4bd3-8636-60cc461eeb11",
              "isHook": false,
              "skipped": false
            },
            {
              "title": "Deve ordenar produtos alfabeticamente (Z-A)",
              "fullTitle": "US-004 - Funcionalidade: Ordenação de produtos Deve ordenar produtos alfabeticamente (Z-A)",
              "timedOut": null,
              "duration": 1764,
              "state": "passed",
              "speed": "fast",
              "pass": true,
              "fail": false,
              "pending": false,
              "context": null,
              "code": "_ProductsPage.default.selecionarFiltro('za');\ncy.get('.inventory_item_name').then(items => {\n  const nomes = [...items].map(el => el.innerText);\n  const ordenado = [...nomes].sort().reverse();\n  expect(nomes).to.deep.equal(ordenado);\n});",
              "err": {},
              "uuid": "c724f356-9fc1-4944-84a0-9b29be03ad5e",
              "parentUUID": "419c4bb5-13a1-4bd3-8636-60cc461eeb11",
              "isHook": false,
              "skipped": false
            },
            {
              "title": "Deve manter ordem padrão ao carregar a página",
              "fullTitle": "US-004 - Funcionalidade: Ordenação de produtos Deve manter ordem padrão ao carregar a página",
              "timedOut": null,
              "duration": 1501,
              "state": "passed",
              "speed": "fast",
              "pass": true,
              "fail": false,
              "pending": false,
              "context": null,
              "code": "cy.url().should('include', '/inventory.html');\n_ProductsPage.default.validarOrdemEsperada(['Sauce Labs Backpack', 'Sauce Labs Bike Light', 'Sauce Labs Bolt T-Shirt', 'Sauce Labs Fleece Jacket', 'Sauce Labs Onesie', 'Test.allTheThings() T-Shirt (Red)']);",
              "err": {},
              "uuid": "162460ed-0dd1-4ee3-ac58-0c6879b6a182",
              "parentUUID": "419c4bb5-13a1-4bd3-8636-60cc461eeb11",
              "isHook": false,
              "skipped": false
            }
          ],
          "suites": [],
          "passes": [
            "7e30f999-01cd-4f2e-a049-5ba75fbe4e85",
            "7edea11a-49db-45a0-a311-ceddb2e09d45",
            "fd9ea61a-7ed7-4981-868a-daea4c56a83d",
            "c724f356-9fc1-4944-84a0-9b29be03ad5e",
            "162460ed-0dd1-4ee3-ac58-0c6879b6a182"
          ],
          "failures": [],
          "pending": [],
          "skipped": [],
          "duration": 12243,
          "root": false,
          "rootEmpty": false,
          "_timeout": 2000
        }
      ],
      "passes": [],
      "failures": [],
      "pending": [],
      "skipped": [],
      "duration": 0,
      "root": true,
      "rootEmpty": true,
      "_timeout": 2000
    },
    {
      "uuid": "85b73ec3-c8e0-495d-8e88-29d731215060",
      "title": "",
      "fullFile": "cypress\\e2e\\login.cy.js",
      "file": "cypress\\e2e\\login.cy.js",
      "beforeHooks": [],
      "afterHooks": [],
      "tests": [],
      "suites": [
        {
          "uuid": "8a271a00-2cc4-471a-ac03-524d1cfee363",
          "title": "US-001 - Funcionalidade: Página de Login",
          "fullFile": "",
          "file": "",
          "beforeHooks": [],
          "afterHooks": [],
          "tests": [
            {
              "title": "Deve realizar login com sucesso",
              "fullTitle": "US-001 - Funcionalidade: Página de Login Deve realizar login com sucesso",
              "timedOut": null,
              "duration": 3734,
              "state": "passed",
              "speed": "fast",
              "pass": true,
              "fail": false,
              "pending": false,
              "context": null,
              "code": "cy.log(' Tentando login com credenciais válidas');\n_LoginPage.default.fazerLogin('standard_user', 'secret_sauce');\n_LoginPage.default.validarLoginSucesso();",
              "err": {},
              "uuid": "ee5f88d4-d2ff-4c70-81fc-fb1929ecaa34",
              "parentUUID": "8a271a00-2cc4-471a-ac03-524d1cfee363",
              "isHook": false,
              "skipped": false
            },
            {
              "title": "Deve exibir mensagem para usuário bloqueado",
              "fullTitle": "US-001 - Funcionalidade: Página de Login Deve exibir mensagem para usuário bloqueado",
              "timedOut": null,
              "duration": 2406,
              "state": "passed",
              "speed": "fast",
              "pass": true,
              "fail": false,
              "pending": false,
              "context": null,
              "code": "cy.log('Tentando login com usuário bloqueado');\ncy.login('locked_out_user', 'secret_sauce');\ncy.wait(1000); // pequena espera para renderização\n_LoginPage.default.validarMensagemErro('Epic sadface: Sorry, this user has been locked out.');",
              "err": {},
              "uuid": "baa3ab1b-1b6c-4017-a1a8-3dc36c64970e",
              "parentUUID": "8a271a00-2cc4-471a-ac03-524d1cfee363",
              "isHook": false,
              "skipped": false
            },
            {
              "title": "Deve validar campo usuário obrigatório",
              "fullTitle": "US-001 - Funcionalidade: Página de Login Deve validar campo usuário obrigatório",
              "timedOut": null,
              "duration": 1923,
              "state": "passed",
              "speed": "fast",
              "pass": true,
              "fail": false,
              "pending": false,
              "context": null,
              "code": "_LoginPage.default.fazerLogin('', 'secret_sauce');\n_LoginPage.default.validarMensagemErro('Epic sadface: Username is required');",
              "err": {},
              "uuid": "41cfeaee-a3bb-49bf-8412-02acd186f3a0",
              "parentUUID": "8a271a00-2cc4-471a-ac03-524d1cfee363",
              "isHook": false,
              "skipped": false
            },
            {
              "title": "Deve validar campo senha obrigatório",
              "fullTitle": "US-001 - Funcionalidade: Página de Login Deve validar campo senha obrigatório",
              "timedOut": null,
              "duration": 801,
              "state": "passed",
              "speed": "fast",
              "pass": true,
              "fail": false,
              "pending": false,
              "context": null,
              "code": "_LoginPage.default.fazerLogin('standard_user', '');\n_LoginPage.default.validarMensagemErro('Epic sadface: Password is required');",
              "err": {},
              "uuid": "ad01ad51-2e3f-4536-a1a2-d17066de9212",
              "parentUUID": "8a271a00-2cc4-471a-ac03-524d1cfee363",
              "isHook": false,
              "skipped": false
            },
            {
              "title": "Deve realizar logout com sucesso",
              "fullTitle": "US-001 - Funcionalidade: Página de Login Deve realizar logout com sucesso",
              "timedOut": null,
              "duration": 2130,
              "state": "passed",
              "speed": "fast",
              "pass": true,
              "fail": false,
              "pending": false,
              "context": null,
              "code": "_LoginPage.default.fazerLogin('standard_user', 'secret_sauce');\ncy.logout();\ncy.get('[data-test=\"login-button\"]').should('have.value', 'Login');",
              "err": {},
              "uuid": "a74a88ce-4fc0-45ca-b5cc-7deb789ad6e5",
              "parentUUID": "8a271a00-2cc4-471a-ac03-524d1cfee363",
              "isHook": false,
              "skipped": false
            },
            {
              "title": "Deve exibir mensagem para credenciais inválidas",
              "fullTitle": "US-001 - Funcionalidade: Página de Login Deve exibir mensagem para credenciais inválidas",
              "timedOut": null,
              "duration": 1442,
              "state": "passed",
              "speed": "fast",
              "pass": true,
              "fail": false,
              "pending": false,
              "context": null,
              "code": "_LoginPage.default.fazerLogin('standard_user', 'senha_errada');\n_LoginPage.default.validarMensagemErro('Epic sadface: Username and password do not match');",
              "err": {},
              "uuid": "4939b5b0-c465-4028-bfaf-3ff8944cd17a",
              "parentUUID": "8a271a00-2cc4-471a-ac03-524d1cfee363",
              "isHook": false,
              "skipped": false
            },
            {
              "title": "Deve fechar alerta de erro ao clicar no botão X",
              "fullTitle": "US-001 - Funcionalidade: Página de Login Deve fechar alerta de erro ao clicar no botão X",
              "timedOut": null,
              "duration": 476,
              "state": "passed",
              "speed": "fast",
              "pass": true,
              "fail": false,
              "pending": false,
              "context": null,
              "code": "_LoginPage.default.fazerLogin('', '');\ncy.get('.error-button').click();\ncy.get('[data-test=\"error\"]').should('not.exist');",
              "err": {},
              "uuid": "ec308138-5fe8-4988-93b2-8c5c30938ef7",
              "parentUUID": "8a271a00-2cc4-471a-ac03-524d1cfee363",
              "isHook": false,
              "skipped": false
            }
          ],
          "suites": [],
          "passes": [
            "ee5f88d4-d2ff-4c70-81fc-fb1929ecaa34",
            "baa3ab1b-1b6c-4017-a1a8-3dc36c64970e",
            "41cfeaee-a3bb-49bf-8412-02acd186f3a0",
            "ad01ad51-2e3f-4536-a1a2-d17066de9212",
            "a74a88ce-4fc0-45ca-b5cc-7deb789ad6e5",
            "4939b5b0-c465-4028-bfaf-3ff8944cd17a",
            "ec308138-5fe8-4988-93b2-8c5c30938ef7"
          ],
          "failures": [],
          "pending": [],
          "skipped": [],
          "duration": 12912,
          "root": false,
          "rootEmpty": false,
          "_timeout": 2000
        }
      ],
      "passes": [],
      "failures": [],
      "pending": [],
      "skipped": [],
      "duration": 0,
      "root": true,
      "rootEmpty": true,
      "_timeout": 2000
    },
    {
      "uuid": "4017c5ef-8b15-4a9b-a9a6-8bdfbeb1bb58",
      "title": "",
      "fullFile": "cypress\\e2e\\cadastro_check_out.cy.js",
      "file": "cypress\\e2e\\cadastro_check_out.cy.js",
      "beforeHooks": [],
      "afterHooks": [],
      "tests": [],
      "suites": [
        {
          "uuid": "2ba2ba5e-66fa-4890-8c9d-a5b979a306f1",
          "title": "US-003 - Funcionalidade: Cadastro no Checkout",
          "fullFile": "",
          "file": "",
          "beforeHooks": [],
          "afterHooks": [],
          "tests": [
            {
              "title": "Deve realizar cadastro com sucesso (todos campos preenchidos)",
              "fullTitle": "US-003 - Funcionalidade: Cadastro no Checkout Deve realizar cadastro com sucesso (todos campos preenchidos)",
              "timedOut": null,
              "duration": 7115,
              "state": "passed",
              "speed": "medium",
              "pass": true,
              "fail": false,
              "pending": false,
              "context": null,
              "code": "_CheckoutPage.default.preencherCadastro('Leonardo', 'Pattussi', '96000000');\ncy.get('[data-test=\"finish\"]').click();\ncy.get('.complete-header').should('contain.text', 'Thank you for your order!');",
              "err": {},
              "uuid": "49c76d54-f841-4cb1-b9d2-a50c93a69d24",
              "parentUUID": "2ba2ba5e-66fa-4890-8c9d-a5b979a306f1",
              "isHook": false,
              "skipped": false
            },
            {
              "title": "Deve exibir erro ao deixar todos os campos vazios",
              "fullTitle": "US-003 - Funcionalidade: Cadastro no Checkout Deve exibir erro ao deixar todos os campos vazios",
              "timedOut": null,
              "duration": 3614,
              "state": "passed",
              "speed": "fast",
              "pass": true,
              "fail": false,
              "pending": false,
              "context": null,
              "code": "cy.get('[data-test=\"continue\"]').click();\n_CheckoutPage.default.validarMensagemErro('Error: First Name is required');",
              "err": {},
              "uuid": "d61af860-2a5c-4d85-bca2-c3b2c7be58ae",
              "parentUUID": "2ba2ba5e-66fa-4890-8c9d-a5b979a306f1",
              "isHook": false,
              "skipped": false
            },
            {
              "title": "Deve validar ausência de nome",
              "fullTitle": "US-003 - Funcionalidade: Cadastro no Checkout Deve validar ausência de nome",
              "timedOut": null,
              "duration": 3219,
              "state": "passed",
              "speed": "fast",
              "pass": true,
              "fail": false,
              "pending": false,
              "context": null,
              "code": "_CheckoutPage.default.preencherCadastro('', 'Pattussi', '96000000');\n_CheckoutPage.default.validarMensagemErro('Error: First Name is required');",
              "err": {},
              "uuid": "e12300fb-5458-4a7a-87b0-566bca91f55a",
              "parentUUID": "2ba2ba5e-66fa-4890-8c9d-a5b979a306f1",
              "isHook": false,
              "skipped": false
            },
            {
              "title": "Deve validar ausência de sobrenome",
              "fullTitle": "US-003 - Funcionalidade: Cadastro no Checkout Deve validar ausência de sobrenome",
              "timedOut": null,
              "duration": 2711,
              "state": "passed",
              "speed": "fast",
              "pass": true,
              "fail": false,
              "pending": false,
              "context": null,
              "code": "_CheckoutPage.default.preencherCadastro('Leonardo', '', '96000000');\n_CheckoutPage.default.validarMensagemErro('Error: Last Name is required');",
              "err": {},
              "uuid": "0eb3da67-589a-4108-8d75-083f5d6102a9",
              "parentUUID": "2ba2ba5e-66fa-4890-8c9d-a5b979a306f1",
              "isHook": false,
              "skipped": false
            },
            {
              "title": "Deve validar ausência de CEP",
              "fullTitle": "US-003 - Funcionalidade: Cadastro no Checkout Deve validar ausência de CEP",
              "timedOut": null,
              "duration": 3140,
              "state": "passed",
              "speed": "fast",
              "pass": true,
              "fail": false,
              "pending": false,
              "context": null,
              "code": "_CheckoutPage.default.preencherCadastro('Leonardo', 'Pattussi', '');\n_CheckoutPage.default.validarMensagemErro('Error: Postal Code is required');",
              "err": {},
              "uuid": "ee36f2da-c459-4a1c-bea2-bb64995aaa90",
              "parentUUID": "2ba2ba5e-66fa-4890-8c9d-a5b979a306f1",
              "isHook": false,
              "skipped": false
            },
            {
              "title": "Deve permitir cancelar o checkout e voltar ao carrinho",
              "fullTitle": "US-003 - Funcionalidade: Cadastro no Checkout Deve permitir cancelar o checkout e voltar ao carrinho",
              "timedOut": null,
              "duration": 1838,
              "state": "passed",
              "speed": "fast",
              "pass": true,
              "fail": false,
              "pending": false,
              "context": null,
              "code": "_CheckoutPage.default.cancelarCheckout();",
              "err": {},
              "uuid": "47a235fc-1b70-4a82-974e-bbb7fdd4ac03",
              "parentUUID": "2ba2ba5e-66fa-4890-8c9d-a5b979a306f1",
              "isHook": false,
              "skipped": false
            }
          ],
          "suites": [],
          "passes": [
            "49c76d54-f841-4cb1-b9d2-a50c93a69d24",
            "d61af860-2a5c-4d85-bca2-c3b2c7be58ae",
            "e12300fb-5458-4a7a-87b0-566bca91f55a",
            "0eb3da67-589a-4108-8d75-083f5d6102a9",
            "ee36f2da-c459-4a1c-bea2-bb64995aaa90",
            "47a235fc-1b70-4a82-974e-bbb7fdd4ac03"
          ],
          "failures": [],
          "pending": [],
          "skipped": [],
          "duration": 21637,
          "root": false,
          "rootEmpty": false,
          "_timeout": 2000
        }
      ],
      "passes": [],
      "failures": [],
      "pending": [],
      "skipped": [],
      "duration": 0,
      "root": true,
      "rootEmpty": true,
      "_timeout": 2000
    },
    {
      "uuid": "36d4a667-f1e4-4760-b172-6df0965e5528",
      "title": "",
      "fullFile": "cypress\\e2e\\e2e-saucelabs.cy.js",
      "file": "cypress\\e2e\\e2e-saucelabs.cy.js",
      "beforeHooks": [],
      "afterHooks": [],
      "tests": [],
      "suites": [
        {
          "uuid": "c4d0c2ef-bb9f-42ec-9b54-82494ab147b8",
          "title": "US-002 - Fluxo completo de compra",
          "fullFile": "",
          "file": "",
          "beforeHooks": [],
          "afterHooks": [],
          "tests": [
            {
              "title": "Deve concluir uma compra com sucesso",
              "fullTitle": "US-002 - Fluxo completo de compra Deve concluir uma compra com sucesso",
              "timedOut": null,
              "duration": 6641,
              "state": "passed",
              "speed": "medium",
              "pass": true,
              "fail": false,
              "pending": false,
              "context": null,
              "code": "_LoginPage.default.acessarSite();\n_LoginPage.default.fazerLogin('standard_user', 'secret_sauce');\n_ProductsPage.default.adicionarProdutoAoCarrinho();\n_ProductsPage.default.irParaCarrinho();\ncy.get('[data-test=\"checkout\"]').click();\n_CheckoutPage.default.preencherCadastro('Leonardo', 'Pattussi', '96000000');\ncy.get('[data-test=\"finish\"]').click();\ncy.get('.complete-header').should('contain.text', 'Thank you for your order!');",
              "err": {},
              "uuid": "8e32c629-b26b-419e-8775-4fa72d154567",
              "parentUUID": "c4d0c2ef-bb9f-42ec-9b54-82494ab147b8",
              "isHook": false,
              "skipped": false
            }
          ],
          "suites": [],
          "passes": [
            "8e32c629-b26b-419e-8775-4fa72d154567"
          ],
          "failures": [],
          "pending": [],
          "skipped": [],
          "duration": 6641,
          "root": false,
          "rootEmpty": false,
          "_timeout": 2000
        }
      ],
      "passes": [],
      "failures": [],
      "pending": [],
      "skipped": [],
      "duration": 0,
      "root": true,
      "rootEmpty": true,
      "_timeout": 2000
    },
    {
      "uuid": "2a634756-bd6e-4dd9-b1c4-263e2ec65b8d",
      "title": "",
      "fullFile": "cypress\\e2e\\filtro_produto.cy.js",
      "file": "cypress\\e2e\\filtro_produto.cy.js",
      "beforeHooks": [],
      "afterHooks": [],
      "tests": [],
      "suites": [
        {
          "uuid": "d2a976b6-e629-4d89-b2ac-f640557a44fd",
          "title": "US-004 - Funcionalidade: Ordenação de produtos",
          "fullFile": "",
          "file": "",
          "beforeHooks": [],
          "afterHooks": [],
          "tests": [
            {
              "title": "Deve ordenar produtos por preço decrescente (High to Low)",
              "fullTitle": "US-004 - Funcionalidade: Ordenação de produtos Deve ordenar produtos por preço decrescente (High to Low)",
              "timedOut": null,
              "duration": 3806,
              "state": "passed",
              "speed": "fast",
              "pass": true,
              "fail": false,
              "pending": false,
              "context": null,
              "code": "_ProductsPage.default.selecionarFiltro('hilo');\ncy.get('.inventory_item_price').then(prices => {\n  const valores = [...prices].map(el => parseFloat(el.innerText.replace('$', '')));\n  const ordenado = [...valores].sort((a, b) => b - a);\n  expect(valores).to.deep.equal(ordenado);\n});",
              "err": {},
              "uuid": "04d56909-2ebf-46ac-8e84-ecbf178d407e",
              "parentUUID": "d2a976b6-e629-4d89-b2ac-f640557a44fd",
              "isHook": false,
              "skipped": false
            },
            {
              "title": "Deve ordenar produtos por preço crescente (Low to High)",
              "fullTitle": "US-004 - Funcionalidade: Ordenação de produtos Deve ordenar produtos por preço crescente (Low to High)",
              "timedOut": null,
              "duration": 1809,
              "state": "passed",
              "speed": "fast",
              "pass": true,
              "fail": false,
              "pending": false,
              "context": null,
              "code": "_ProductsPage.default.selecionarFiltro('lohi');\ncy.get('.inventory_item_price').then(prices => {\n  const valores = [...prices].map(el => parseFloat(el.innerText.replace('$', '')));\n  const ordenado = [...valores].sort((a, b) => a - b);\n  expect(valores).to.deep.equal(ordenado);\n});",
              "err": {},
              "uuid": "0b080d0a-5310-4010-b343-79222c212c81",
              "parentUUID": "d2a976b6-e629-4d89-b2ac-f640557a44fd",
              "isHook": false,
              "skipped": false
            },
            {
              "title": "Deve ordenar produtos alfabeticamente (A-Z)",
              "fullTitle": "US-004 - Funcionalidade: Ordenação de produtos Deve ordenar produtos alfabeticamente (A-Z)",
              "timedOut": null,
              "duration": 1893,
              "state": "passed",
              "speed": "fast",
              "pass": true,
              "fail": false,
              "pending": false,
              "context": null,
              "code": "_ProductsPage.default.selecionarFiltro('az');\ncy.get('.inventory_item_name').then(items => {\n  const nomes = [...items].map(el => el.innerText);\n  const ordenado = [...nomes].sort();\n  expect(nomes).to.deep.equal(ordenado);\n});",
              "err": {},
              "uuid": "a9338a6c-b3e4-4ff1-b33e-294b9b2dc824",
              "parentUUID": "d2a976b6-e629-4d89-b2ac-f640557a44fd",
              "isHook": false,
              "skipped": false
            },
            {
              "title": "Deve ordenar produtos alfabeticamente (Z-A)",
              "fullTitle": "US-004 - Funcionalidade: Ordenação de produtos Deve ordenar produtos alfabeticamente (Z-A)",
              "timedOut": null,
              "duration": 1542,
              "state": "passed",
              "speed": "fast",
              "pass": true,
              "fail": false,
              "pending": false,
              "context": null,
              "code": "_ProductsPage.default.selecionarFiltro('za');\ncy.get('.inventory_item_name').then(items => {\n  const nomes = [...items].map(el => el.innerText);\n  const ordenado = [...nomes].sort().reverse();\n  expect(nomes).to.deep.equal(ordenado);\n});",
              "err": {},
              "uuid": "95a95774-5b9f-4eda-9150-c4bb8c1c2dc8",
              "parentUUID": "d2a976b6-e629-4d89-b2ac-f640557a44fd",
              "isHook": false,
              "skipped": false
            },
            {
              "title": "Deve manter ordem padrão ao carregar a página",
              "fullTitle": "US-004 - Funcionalidade: Ordenação de produtos Deve manter ordem padrão ao carregar a página",
              "timedOut": null,
              "duration": 1350,
              "state": "passed",
              "speed": "fast",
              "pass": true,
              "fail": false,
              "pending": false,
              "context": null,
              "code": "cy.url().should('include', '/inventory.html');\n_ProductsPage.default.validarOrdemEsperada(['Sauce Labs Backpack', 'Sauce Labs Bike Light', 'Sauce Labs Bolt T-Shirt', 'Sauce Labs Fleece Jacket', 'Sauce Labs Onesie', 'Test.allTheThings() T-Shirt (Red)']);",
              "err": {},
              "uuid": "1a9a89d8-173f-4a3c-a838-527d4fe6f874",
              "parentUUID": "d2a976b6-e629-4d89-b2ac-f640557a44fd",
              "isHook": false,
              "skipped": false
            }
          ],
          "suites": [],
          "passes": [
            "04d56909-2ebf-46ac-8e84-ecbf178d407e",
            "0b080d0a-5310-4010-b343-79222c212c81",
            "a9338a6c-b3e4-4ff1-b33e-294b9b2dc824",
            "95a95774-5b9f-4eda-9150-c4bb8c1c2dc8",
            "1a9a89d8-173f-4a3c-a838-527d4fe6f874"
          ],
          "failures": [],
          "pending": [],
          "skipped": [],
          "duration": 10400,
          "root": false,
          "rootEmpty": false,
          "_timeout": 2000
        }
      ],
      "passes": [],
      "failures": [],
      "pending": [],
      "skipped": [],
      "duration": 0,
      "root": true,
      "rootEmpty": true,
      "_timeout": 2000
    },
    {
      "uuid": "e92d82a3-e960-461f-b758-49c267a6569d",
      "title": "",
      "fullFile": "cypress\\e2e\\login.cy.js",
      "file": "cypress\\e2e\\login.cy.js",
      "beforeHooks": [],
      "afterHooks": [],
      "tests": [],
      "suites": [
        {
          "uuid": "454f0670-d79b-4da8-ac59-c8a40e33327e",
          "title": "US-001 - Funcionalidade: Página de Login",
          "fullFile": "",
          "file": "",
          "beforeHooks": [],
          "afterHooks": [],
          "tests": [
            {
              "title": "Deve realizar login com sucesso",
              "fullTitle": "US-001 - Funcionalidade: Página de Login Deve realizar login com sucesso",
              "timedOut": null,
              "duration": 3489,
              "state": "passed",
              "speed": "fast",
              "pass": true,
              "fail": false,
              "pending": false,
              "context": null,
              "code": "cy.log(' Tentando login com credenciais válidas');\n_LoginPage.default.fazerLogin('standard_user', 'secret_sauce');\n_LoginPage.default.validarLoginSucesso();",
              "err": {},
              "uuid": "24fcda99-e842-4f09-94fd-5af768ae5f8a",
              "parentUUID": "454f0670-d79b-4da8-ac59-c8a40e33327e",
              "isHook": false,
              "skipped": false
            },
            {
              "title": "Deve exibir mensagem para usuário bloqueado",
              "fullTitle": "US-001 - Funcionalidade: Página de Login Deve exibir mensagem para usuário bloqueado",
              "timedOut": null,
              "duration": 3219,
              "state": "passed",
              "speed": "fast",
              "pass": true,
              "fail": false,
              "pending": false,
              "context": null,
              "code": "cy.log('Tentando login com usuário bloqueado');\ncy.login('locked_out_user', 'secret_sauce');\ncy.wait(1000); // pequena espera para renderização\n_LoginPage.default.validarMensagemErro('Epic sadface: Sorry, this user has been locked out.');",
              "err": {},
              "uuid": "63f0cba1-9353-4ef1-8e30-c2af9bad9339",
              "parentUUID": "454f0670-d79b-4da8-ac59-c8a40e33327e",
              "isHook": false,
              "skipped": false
            },
            {
              "title": "Deve validar campo usuário obrigatório",
              "fullTitle": "US-001 - Funcionalidade: Página de Login Deve validar campo usuário obrigatório",
              "timedOut": null,
              "duration": 1015,
              "state": "passed",
              "speed": "fast",
              "pass": true,
              "fail": false,
              "pending": false,
              "context": null,
              "code": "_LoginPage.default.fazerLogin('', 'secret_sauce');\n_LoginPage.default.validarMensagemErro('Epic sadface: Username is required');",
              "err": {},
              "uuid": "71830682-333c-4422-9855-a4727cc9e738",
              "parentUUID": "454f0670-d79b-4da8-ac59-c8a40e33327e",
              "isHook": false,
              "skipped": false
            },
            {
              "title": "Deve validar campo senha obrigatório",
              "fullTitle": "US-001 - Funcionalidade: Página de Login Deve validar campo senha obrigatório",
              "timedOut": null,
              "duration": 1466,
              "state": "passed",
              "speed": "fast",
              "pass": true,
              "fail": false,
              "pending": false,
              "context": null,
              "code": "_LoginPage.default.fazerLogin('standard_user', '');\n_LoginPage.default.validarMensagemErro('Epic sadface: Password is required');",
              "err": {},
              "uuid": "1353d4e6-2099-445c-b6dd-c682cbf8c214",
              "parentUUID": "454f0670-d79b-4da8-ac59-c8a40e33327e",
              "isHook": false,
              "skipped": false
            },
            {
              "title": "Deve realizar logout com sucesso",
              "fullTitle": "US-001 - Funcionalidade: Página de Login Deve realizar logout com sucesso",
              "timedOut": null,
              "duration": 2101,
              "state": "passed",
              "speed": "fast",
              "pass": true,
              "fail": false,
              "pending": false,
              "context": null,
              "code": "_LoginPage.default.fazerLogin('standard_user', 'secret_sauce');\ncy.logout();\ncy.get('[data-test=\"login-button\"]').should('have.value', 'Login');",
              "err": {},
              "uuid": "47476142-c8d9-4049-a20c-7c1f6e10419f",
              "parentUUID": "454f0670-d79b-4da8-ac59-c8a40e33327e",
              "isHook": false,
              "skipped": false
            },
            {
              "title": "Deve exibir mensagem para credenciais inválidas",
              "fullTitle": "US-001 - Funcionalidade: Página de Login Deve exibir mensagem para credenciais inválidas",
              "timedOut": null,
              "duration": 1543,
              "state": "passed",
              "speed": "fast",
              "pass": true,
              "fail": false,
              "pending": false,
              "context": null,
              "code": "_LoginPage.default.fazerLogin('standard_user', 'senha_errada');\n_LoginPage.default.validarMensagemErro('Epic sadface: Username and password do not match');",
              "err": {},
              "uuid": "d5879e98-fc0b-46d4-9923-e6a9fdace948",
              "parentUUID": "454f0670-d79b-4da8-ac59-c8a40e33327e",
              "isHook": false,
              "skipped": false
            },
            {
              "title": "Deve fechar alerta de erro ao clicar no botão X",
              "fullTitle": "US-001 - Funcionalidade: Página de Login Deve fechar alerta de erro ao clicar no botão X",
              "timedOut": null,
              "duration": 462,
              "state": "passed",
              "speed": "fast",
              "pass": true,
              "fail": false,
              "pending": false,
              "context": null,
              "code": "_LoginPage.default.fazerLogin('', '');\ncy.get('.error-button').click();\ncy.get('[data-test=\"error\"]').should('not.exist');",
              "err": {},
              "uuid": "30e5ebe4-add5-4468-bd44-db34fb1623e7",
              "parentUUID": "454f0670-d79b-4da8-ac59-c8a40e33327e",
              "isHook": false,
              "skipped": false
            }
          ],
          "suites": [],
          "passes": [
            "24fcda99-e842-4f09-94fd-5af768ae5f8a",
            "63f0cba1-9353-4ef1-8e30-c2af9bad9339",
            "71830682-333c-4422-9855-a4727cc9e738",
            "1353d4e6-2099-445c-b6dd-c682cbf8c214",
            "47476142-c8d9-4049-a20c-7c1f6e10419f",
            "d5879e98-fc0b-46d4-9923-e6a9fdace948",
            "30e5ebe4-add5-4468-bd44-db34fb1623e7"
          ],
          "failures": [],
          "pending": [],
          "skipped": [],
          "duration": 13295,
          "root": false,
          "rootEmpty": false,
          "_timeout": 2000
        }
      ],
      "passes": [],
      "failures": [],
      "pending": [],
      "skipped": [],
      "duration": 0,
      "root": true,
      "rootEmpty": true,
      "_timeout": 2000
    },
    {
      "uuid": "429f7da3-6917-43a5-b2b1-682773e28204",
      "title": "",
      "fullFile": "cypress\\e2e\\cadastro_check_out.cy.js",
      "file": "cypress\\e2e\\cadastro_check_out.cy.js",
      "beforeHooks": [],
      "afterHooks": [],
      "tests": [],
      "suites": [
        {
          "uuid": "576b41a1-b91d-4c0b-a058-245f9e4ff4ac",
          "title": "US-003 - Funcionalidade: Cadastro no Checkout",
          "fullFile": "",
          "file": "",
          "beforeHooks": [],
          "afterHooks": [],
          "tests": [
            {
              "title": "Deve realizar cadastro com sucesso (todos campos preenchidos)",
              "fullTitle": "US-003 - Funcionalidade: Cadastro no Checkout Deve realizar cadastro com sucesso (todos campos preenchidos)",
              "timedOut": null,
              "duration": 7957,
              "state": "passed",
              "speed": "medium",
              "pass": true,
              "fail": false,
              "pending": false,
              "context": null,
              "code": "_CheckoutPage.default.preencherCadastro('Leonardo', 'Pattussi', '96000000');\ncy.get('[data-test=\"finish\"]').click();\ncy.get('.complete-header').should('contain.text', 'Thank you for your order!');",
              "err": {},
              "uuid": "705d6e40-aa25-40fb-93b5-765b59854012",
              "parentUUID": "576b41a1-b91d-4c0b-a058-245f9e4ff4ac",
              "isHook": false,
              "skipped": false
            },
            {
              "title": "Deve exibir erro ao deixar todos os campos vazios",
              "fullTitle": "US-003 - Funcionalidade: Cadastro no Checkout Deve exibir erro ao deixar todos os campos vazios",
              "timedOut": null,
              "duration": 3700,
              "state": "passed",
              "speed": "fast",
              "pass": true,
              "fail": false,
              "pending": false,
              "context": null,
              "code": "cy.get('[data-test=\"continue\"]').click();\n_CheckoutPage.default.validarMensagemErro('Error: First Name is required');",
              "err": {},
              "uuid": "22c92491-d503-49e7-9426-350f0b4a6d07",
              "parentUUID": "576b41a1-b91d-4c0b-a058-245f9e4ff4ac",
              "isHook": false,
              "skipped": false
            },
            {
              "title": "Deve validar ausência de nome",
              "fullTitle": "US-003 - Funcionalidade: Cadastro no Checkout Deve validar ausência de nome",
              "timedOut": null,
              "duration": 2707,
              "state": "passed",
              "speed": "fast",
              "pass": true,
              "fail": false,
              "pending": false,
              "context": null,
              "code": "_CheckoutPage.default.preencherCadastro('', 'Pattussi', '96000000');\n_CheckoutPage.default.validarMensagemErro('Error: First Name is required');",
              "err": {},
              "uuid": "061d462f-87ba-448a-bb8d-471c734f0f38",
              "parentUUID": "576b41a1-b91d-4c0b-a058-245f9e4ff4ac",
              "isHook": false,
              "skipped": false
            },
            {
              "title": "Deve validar ausência de sobrenome",
              "fullTitle": "US-003 - Funcionalidade: Cadastro no Checkout Deve validar ausência de sobrenome",
              "timedOut": null,
              "duration": 2711,
              "state": "passed",
              "speed": "fast",
              "pass": true,
              "fail": false,
              "pending": false,
              "context": null,
              "code": "_CheckoutPage.default.preencherCadastro('Leonardo', '', '96000000');\n_CheckoutPage.default.validarMensagemErro('Error: Last Name is required');",
              "err": {},
              "uuid": "3107a371-e265-45a0-8e9d-4fcfaaac0379",
              "parentUUID": "576b41a1-b91d-4c0b-a058-245f9e4ff4ac",
              "isHook": false,
              "skipped": false
            },
            {
              "title": "Deve validar ausência de CEP",
              "fullTitle": "US-003 - Funcionalidade: Cadastro no Checkout Deve validar ausência de CEP",
              "timedOut": null,
              "duration": 2857,
              "state": "passed",
              "speed": "fast",
              "pass": true,
              "fail": false,
              "pending": false,
              "context": null,
              "code": "_CheckoutPage.default.preencherCadastro('Leonardo', 'Pattussi', '');\n_CheckoutPage.default.validarMensagemErro('Error: Postal Code is required');",
              "err": {},
              "uuid": "c29a17b3-9dbd-488a-a46e-a6be09c1aab5",
              "parentUUID": "576b41a1-b91d-4c0b-a058-245f9e4ff4ac",
              "isHook": false,
              "skipped": false
            },
            {
              "title": "Deve permitir cancelar o checkout e voltar ao carrinho",
              "fullTitle": "US-003 - Funcionalidade: Cadastro no Checkout Deve permitir cancelar o checkout e voltar ao carrinho",
              "timedOut": null,
              "duration": 1877,
              "state": "passed",
              "speed": "fast",
              "pass": true,
              "fail": false,
              "pending": false,
              "context": null,
              "code": "_CheckoutPage.default.cancelarCheckout();",
              "err": {},
              "uuid": "ad65fcec-d209-4585-9eb3-54ba53aed73f",
              "parentUUID": "576b41a1-b91d-4c0b-a058-245f9e4ff4ac",
              "isHook": false,
              "skipped": false
            }
          ],
          "suites": [],
          "passes": [
            "705d6e40-aa25-40fb-93b5-765b59854012",
            "22c92491-d503-49e7-9426-350f0b4a6d07",
            "061d462f-87ba-448a-bb8d-471c734f0f38",
            "3107a371-e265-45a0-8e9d-4fcfaaac0379",
            "c29a17b3-9dbd-488a-a46e-a6be09c1aab5",
            "ad65fcec-d209-4585-9eb3-54ba53aed73f"
          ],
          "failures": [],
          "pending": [],
          "skipped": [],
          "duration": 21809,
          "root": false,
          "rootEmpty": false,
          "_timeout": 2000
        }
      ],
      "passes": [],
      "failures": [],
      "pending": [],
      "skipped": [],
      "duration": 0,
      "root": true,
      "rootEmpty": true,
      "_timeout": 2000
    },
    {
      "uuid": "60f2b789-1798-4524-97a5-8420d068abf9",
      "title": "",
      "fullFile": "cypress\\e2e\\e2e-saucelabs.cy.js",
      "file": "cypress\\e2e\\e2e-saucelabs.cy.js",
      "beforeHooks": [],
      "afterHooks": [],
      "tests": [],
      "suites": [
        {
          "uuid": "7055cd95-ce2c-445d-9f74-7120f608450d",
          "title": "US-002 - Fluxo completo de compra",
          "fullFile": "",
          "file": "",
          "beforeHooks": [],
          "afterHooks": [],
          "tests": [
            {
              "title": "Deve concluir uma compra com sucesso",
              "fullTitle": "US-002 - Fluxo completo de compra Deve concluir uma compra com sucesso",
              "timedOut": null,
              "duration": 6528,
              "state": "passed",
              "speed": "medium",
              "pass": true,
              "fail": false,
              "pending": false,
              "context": null,
              "code": "_LoginPage.default.acessarSite();\n_LoginPage.default.fazerLogin('standard_user', 'secret_sauce');\n_ProductsPage.default.adicionarProdutoAoCarrinho();\n_ProductsPage.default.irParaCarrinho();\ncy.get('[data-test=\"checkout\"]').click();\n_CheckoutPage.default.preencherCadastro('Leonardo', 'Pattussi', '96000000');\ncy.get('[data-test=\"finish\"]').click();\ncy.get('.complete-header').should('contain.text', 'Thank you for your order!');",
              "err": {},
              "uuid": "f6882e7a-bf16-48e4-805d-36d718906901",
              "parentUUID": "7055cd95-ce2c-445d-9f74-7120f608450d",
              "isHook": false,
              "skipped": false
            }
          ],
          "suites": [],
          "passes": [
            "f6882e7a-bf16-48e4-805d-36d718906901"
          ],
          "failures": [],
          "pending": [],
          "skipped": [],
          "duration": 6528,
          "root": false,
          "rootEmpty": false,
          "_timeout": 2000
        }
      ],
      "passes": [],
      "failures": [],
      "pending": [],
      "skipped": [],
      "duration": 0,
      "root": true,
      "rootEmpty": true,
      "_timeout": 2000
    },
    {
      "uuid": "6f8cfd2c-a0f4-4515-b72d-e77c542d3412",
      "title": "",
      "fullFile": "cypress\\e2e\\filtro_produto.cy.js",
      "file": "cypress\\e2e\\filtro_produto.cy.js",
      "beforeHooks": [],
      "afterHooks": [],
      "tests": [],
      "suites": [
        {
          "uuid": "2861eb8f-1f15-4483-8213-c5028436dff8",
          "title": "US-004 - Funcionalidade: Ordenação de produtos",
          "fullFile": "",
          "file": "",
          "beforeHooks": [],
          "afterHooks": [],
          "tests": [
            {
              "title": "Deve ordenar produtos por preço decrescente (High to Low)",
              "fullTitle": "US-004 - Funcionalidade: Ordenação de produtos Deve ordenar produtos por preço decrescente (High to Low)",
              "timedOut": null,
              "duration": 4012,
              "state": "passed",
              "speed": "fast",
              "pass": true,
              "fail": false,
              "pending": false,
              "context": null,
              "code": "_ProductsPage.default.selecionarFiltro('hilo');\ncy.get('.inventory_item_price').then(prices => {\n  const valores = [...prices].map(el => parseFloat(el.innerText.replace('$', '')));\n  const ordenado = [...valores].sort((a, b) => b - a);\n  expect(valores).to.deep.equal(ordenado);\n});",
              "err": {},
              "uuid": "5c33df5c-687c-4bd0-a709-7f7ae386e79c",
              "parentUUID": "2861eb8f-1f15-4483-8213-c5028436dff8",
              "isHook": false,
              "skipped": false
            },
            {
              "title": "Deve ordenar produtos por preço crescente (Low to High)",
              "fullTitle": "US-004 - Funcionalidade: Ordenação de produtos Deve ordenar produtos por preço crescente (Low to High)",
              "timedOut": null,
              "duration": 1837,
              "state": "passed",
              "speed": "fast",
              "pass": true,
              "fail": false,
              "pending": false,
              "context": null,
              "code": "_ProductsPage.default.selecionarFiltro('lohi');\ncy.get('.inventory_item_price').then(prices => {\n  const valores = [...prices].map(el => parseFloat(el.innerText.replace('$', '')));\n  const ordenado = [...valores].sort((a, b) => a - b);\n  expect(valores).to.deep.equal(ordenado);\n});",
              "err": {},
              "uuid": "5c4950b0-7867-48b2-967a-17fc532f356a",
              "parentUUID": "2861eb8f-1f15-4483-8213-c5028436dff8",
              "isHook": false,
              "skipped": false
            },
            {
              "title": "Deve ordenar produtos alfabeticamente (A-Z)",
              "fullTitle": "US-004 - Funcionalidade: Ordenação de produtos Deve ordenar produtos alfabeticamente (A-Z)",
              "timedOut": null,
              "duration": 1852,
              "state": "passed",
              "speed": "fast",
              "pass": true,
              "fail": false,
              "pending": false,
              "context": null,
              "code": "_ProductsPage.default.selecionarFiltro('az');\ncy.get('.inventory_item_name').then(items => {\n  const nomes = [...items].map(el => el.innerText);\n  const ordenado = [...nomes].sort();\n  expect(nomes).to.deep.equal(ordenado);\n});",
              "err": {},
              "uuid": "1e8a1c64-ac79-4cc6-b979-5ae372334dfa",
              "parentUUID": "2861eb8f-1f15-4483-8213-c5028436dff8",
              "isHook": false,
              "skipped": false
            },
            {
              "title": "Deve ordenar produtos alfabeticamente (Z-A)",
              "fullTitle": "US-004 - Funcionalidade: Ordenação de produtos Deve ordenar produtos alfabeticamente (Z-A)",
              "timedOut": null,
              "duration": 2272,
              "state": "passed",
              "speed": "fast",
              "pass": true,
              "fail": false,
              "pending": false,
              "context": null,
              "code": "_ProductsPage.default.selecionarFiltro('za');\ncy.get('.inventory_item_name').then(items => {\n  const nomes = [...items].map(el => el.innerText);\n  const ordenado = [...nomes].sort().reverse();\n  expect(nomes).to.deep.equal(ordenado);\n});",
              "err": {},
              "uuid": "c0f99ca9-b03e-41bc-865d-427cba62a124",
              "parentUUID": "2861eb8f-1f15-4483-8213-c5028436dff8",
              "isHook": false,
              "skipped": false
            },
            {
              "title": "Deve manter ordem padrão ao carregar a página",
              "fullTitle": "US-004 - Funcionalidade: Ordenação de produtos Deve manter ordem padrão ao carregar a página",
              "timedOut": null,
              "duration": 1491,
              "state": "passed",
              "speed": "fast",
              "pass": true,
              "fail": false,
              "pending": false,
              "context": null,
              "code": "cy.url().should('include', '/inventory.html');\n_ProductsPage.default.validarOrdemEsperada(['Sauce Labs Backpack', 'Sauce Labs Bike Light', 'Sauce Labs Bolt T-Shirt', 'Sauce Labs Fleece Jacket', 'Sauce Labs Onesie', 'Test.allTheThings() T-Shirt (Red)']);",
              "err": {},
              "uuid": "a9988871-996d-4bf6-91cf-318865ee9e86",
              "parentUUID": "2861eb8f-1f15-4483-8213-c5028436dff8",
              "isHook": false,
              "skipped": false
            }
          ],
          "suites": [],
          "passes": [
            "5c33df5c-687c-4bd0-a709-7f7ae386e79c",
            "5c4950b0-7867-48b2-967a-17fc532f356a",
            "1e8a1c64-ac79-4cc6-b979-5ae372334dfa",
            "c0f99ca9-b03e-41bc-865d-427cba62a124",
            "a9988871-996d-4bf6-91cf-318865ee9e86"
          ],
          "failures": [],
          "pending": [],
          "skipped": [],
          "duration": 11464,
          "root": false,
          "rootEmpty": false,
          "_timeout": 2000
        }
      ],
      "passes": [],
      "failures": [],
      "pending": [],
      "skipped": [],
      "duration": 0,
      "root": true,
      "rootEmpty": true,
      "_timeout": 2000
    },
    {
      "uuid": "a52f50e8-4d77-417d-96dd-276d73983aad",
      "title": "",
      "fullFile": "cypress\\e2e\\login.cy.js",
      "file": "cypress\\e2e\\login.cy.js",
      "beforeHooks": [],
      "afterHooks": [],
      "tests": [],
      "suites": [
        {
          "uuid": "b95be3c6-9212-4e42-9cd5-29a5f3db9bb6",
          "title": "US-001 - Funcionalidade: Página de Login",
          "fullFile": "",
          "file": "",
          "beforeHooks": [],
          "afterHooks": [],
          "tests": [
            {
              "title": "Deve realizar login com sucesso",
              "fullTitle": "US-001 - Funcionalidade: Página de Login Deve realizar login com sucesso",
              "timedOut": null,
              "duration": 3703,
              "state": "passed",
              "speed": "fast",
              "pass": true,
              "fail": false,
              "pending": false,
              "context": null,
              "code": "cy.log(' Tentando login com credenciais válidas');\n_LoginPage.default.fazerLogin('standard_user', 'secret_sauce');\n_LoginPage.default.validarLoginSucesso();",
              "err": {},
              "uuid": "c08aa889-b395-4c4c-aef9-004798985d00",
              "parentUUID": "b95be3c6-9212-4e42-9cd5-29a5f3db9bb6",
              "isHook": false,
              "skipped": false
            },
            {
              "title": "Deve exibir mensagem para usuário bloqueado",
              "fullTitle": "US-001 - Funcionalidade: Página de Login Deve exibir mensagem para usuário bloqueado",
              "timedOut": null,
              "duration": 2778,
              "state": "passed",
              "speed": "fast",
              "pass": true,
              "fail": false,
              "pending": false,
              "context": null,
              "code": "cy.log('Tentando login com usuário bloqueado');\ncy.login('locked_out_user', 'secret_sauce');\ncy.wait(1000); // pequena espera para renderização\n_LoginPage.default.validarMensagemErro('Epic sadface: Sorry, this user has been locked out.');",
              "err": {},
              "uuid": "8e7fe3e0-8d0c-478a-93a6-446b13d7818d",
              "parentUUID": "b95be3c6-9212-4e42-9cd5-29a5f3db9bb6",
              "isHook": false,
              "skipped": false
            },
            {
              "title": "Deve validar campo usuário obrigatório",
              "fullTitle": "US-001 - Funcionalidade: Página de Login Deve validar campo usuário obrigatório",
              "timedOut": null,
              "duration": 1871,
              "state": "passed",
              "speed": "fast",
              "pass": true,
              "fail": false,
              "pending": false,
              "context": null,
              "code": "_LoginPage.default.fazerLogin('', 'secret_sauce');\n_LoginPage.default.validarMensagemErro('Epic sadface: Username is required');",
              "err": {},
              "uuid": "91fa2f54-02e1-4ef7-8cf7-bd61fc39d478",
              "parentUUID": "b95be3c6-9212-4e42-9cd5-29a5f3db9bb6",
              "isHook": false,
              "skipped": false
            },
            {
              "title": "Deve validar campo senha obrigatório",
              "fullTitle": "US-001 - Funcionalidade: Página de Login Deve validar campo senha obrigatório",
              "timedOut": null,
              "duration": 1182,
              "state": "passed",
              "speed": "fast",
              "pass": true,
              "fail": false,
              "pending": false,
              "context": null,
              "code": "_LoginPage.default.fazerLogin('standard_user', '');\n_LoginPage.default.validarMensagemErro('Epic sadface: Password is required');",
              "err": {},
              "uuid": "bb4a83de-47dd-4e82-af78-6faa4bee2fe8",
              "parentUUID": "b95be3c6-9212-4e42-9cd5-29a5f3db9bb6",
              "isHook": false,
              "skipped": false
            },
            {
              "title": "Deve realizar logout com sucesso",
              "fullTitle": "US-001 - Funcionalidade: Página de Login Deve realizar logout com sucesso",
              "timedOut": null,
              "duration": 2091,
              "state": "passed",
              "speed": "fast",
              "pass": true,
              "fail": false,
              "pending": false,
              "context": null,
              "code": "_LoginPage.default.fazerLogin('standard_user', 'secret_sauce');\ncy.logout();\ncy.get('[data-test=\"login-button\"]').should('have.value', 'Login');",
              "err": {},
              "uuid": "8de34a1f-0a1c-4cb8-8498-93aea4efade8",
              "parentUUID": "b95be3c6-9212-4e42-9cd5-29a5f3db9bb6",
              "isHook": false,
              "skipped": false
            },
            {
              "title": "Deve exibir mensagem para credenciais inválidas",
              "fullTitle": "US-001 - Funcionalidade: Página de Login Deve exibir mensagem para credenciais inválidas",
              "timedOut": null,
              "duration": 1328,
              "state": "passed",
              "speed": "fast",
              "pass": true,
              "fail": false,
              "pending": false,
              "context": null,
              "code": "_LoginPage.default.fazerLogin('standard_user', 'senha_errada');\n_LoginPage.default.validarMensagemErro('Epic sadface: Username and password do not match');",
              "err": {},
              "uuid": "6f499a84-8795-4bae-8a57-349a2b44c04c",
              "parentUUID": "b95be3c6-9212-4e42-9cd5-29a5f3db9bb6",
              "isHook": false,
              "skipped": false
            },
            {
              "title": "Deve fechar alerta de erro ao clicar no botão X",
              "fullTitle": "US-001 - Funcionalidade: Página de Login Deve fechar alerta de erro ao clicar no botão X",
              "timedOut": null,
              "duration": 479,
              "state": "passed",
              "speed": "fast",
              "pass": true,
              "fail": false,
              "pending": false,
              "context": null,
              "code": "_LoginPage.default.fazerLogin('', '');\ncy.get('.error-button').click();\ncy.get('[data-test=\"error\"]').should('not.exist');",
              "err": {},
              "uuid": "271b7eb0-a075-4d3d-90fe-c4b15526eda1",
              "parentUUID": "b95be3c6-9212-4e42-9cd5-29a5f3db9bb6",
              "isHook": false,
              "skipped": false
            }
          ],
          "suites": [],
          "passes": [
            "c08aa889-b395-4c4c-aef9-004798985d00",
            "8e7fe3e0-8d0c-478a-93a6-446b13d7818d",
            "91fa2f54-02e1-4ef7-8cf7-bd61fc39d478",
            "bb4a83de-47dd-4e82-af78-6faa4bee2fe8",
            "8de34a1f-0a1c-4cb8-8498-93aea4efade8",
            "6f499a84-8795-4bae-8a57-349a2b44c04c",
            "271b7eb0-a075-4d3d-90fe-c4b15526eda1"
          ],
          "failures": [],
          "pending": [],
          "skipped": [],
          "duration": 13432,
          "root": false,
          "rootEmpty": false,
          "_timeout": 2000
        }
      ],
      "passes": [],
      "failures": [],
      "pending": [],
      "skipped": [],
      "duration": 0,
      "root": true,
      "rootEmpty": true,
      "_timeout": 2000
    },
    {
      "uuid": "ccf781b2-b3e3-4b35-80ec-acc314c8d7eb",
      "title": "",
      "fullFile": "cypress\\e2e\\cadastro_check_out.cy.js",
      "file": "cypress\\e2e\\cadastro_check_out.cy.js",
      "beforeHooks": [],
      "afterHooks": [],
      "tests": [],
      "suites": [
        {
          "uuid": "abb43aa5-d307-4e61-a6ba-fd02a44c766d",
          "title": "US-003 - Funcionalidade: Cadastro no Checkout",
          "fullFile": "",
          "file": "",
          "beforeHooks": [],
          "afterHooks": [],
          "tests": [
            {
              "title": "Deve realizar cadastro com sucesso (todos campos preenchidos)",
              "fullTitle": "US-003 - Funcionalidade: Cadastro no Checkout Deve realizar cadastro com sucesso (todos campos preenchidos)",
              "timedOut": null,
              "duration": 8191,
              "state": "passed",
              "speed": "medium",
              "pass": true,
              "fail": false,
              "pending": false,
              "context": null,
              "code": "_CheckoutPage.default.preencherCadastro('Leonardo', 'Pattussi', '96000000');\ncy.get('[data-test=\"finish\"]').click();\ncy.get('.complete-header').should('contain.text', 'Thank you for your order!');",
              "err": {},
              "uuid": "e183d500-ad9b-476e-bdb7-dfcbe91714cc",
              "parentUUID": "abb43aa5-d307-4e61-a6ba-fd02a44c766d",
              "isHook": false,
              "skipped": false
            },
            {
              "title": "Deve exibir erro ao deixar todos os campos vazios",
              "fullTitle": "US-003 - Funcionalidade: Cadastro no Checkout Deve exibir erro ao deixar todos os campos vazios",
              "timedOut": null,
              "duration": 3877,
              "state": "passed",
              "speed": "fast",
              "pass": true,
              "fail": false,
              "pending": false,
              "context": null,
              "code": "cy.get('[data-test=\"continue\"]').click();\n_CheckoutPage.default.validarMensagemErro('Error: First Name is required');",
              "err": {},
              "uuid": "397f4c3b-aa7a-4e7a-8ad0-82e1f42b728f",
              "parentUUID": "abb43aa5-d307-4e61-a6ba-fd02a44c766d",
              "isHook": false,
              "skipped": false
            },
            {
              "title": "Deve validar ausência de nome",
              "fullTitle": "US-003 - Funcionalidade: Cadastro no Checkout Deve validar ausência de nome",
              "timedOut": null,
              "duration": 2806,
              "state": "passed",
              "speed": "fast",
              "pass": true,
              "fail": false,
              "pending": false,
              "context": null,
              "code": "_CheckoutPage.default.preencherCadastro('', 'Pattussi', '96000000');\n_CheckoutPage.default.validarMensagemErro('Error: First Name is required');",
              "err": {},
              "uuid": "33b91ac9-527f-4e40-bb30-9896d5bf0a42",
              "parentUUID": "abb43aa5-d307-4e61-a6ba-fd02a44c766d",
              "isHook": false,
              "skipped": false
            },
            {
              "title": "Deve validar ausência de sobrenome",
              "fullTitle": "US-003 - Funcionalidade: Cadastro no Checkout Deve validar ausência de sobrenome",
              "timedOut": null,
              "duration": 2658,
              "state": "passed",
              "speed": "fast",
              "pass": true,
              "fail": false,
              "pending": false,
              "context": null,
              "code": "_CheckoutPage.default.preencherCadastro('Leonardo', '', '96000000');\n_CheckoutPage.default.validarMensagemErro('Error: Last Name is required');",
              "err": {},
              "uuid": "c125eb7f-c4a5-4c4f-a8be-6ce201200951",
              "parentUUID": "abb43aa5-d307-4e61-a6ba-fd02a44c766d",
              "isHook": false,
              "skipped": false
            },
            {
              "title": "Deve validar ausência de CEP",
              "fullTitle": "US-003 - Funcionalidade: Cadastro no Checkout Deve validar ausência de CEP",
              "timedOut": null,
              "duration": 3495,
              "state": "passed",
              "speed": "fast",
              "pass": true,
              "fail": false,
              "pending": false,
              "context": null,
              "code": "_CheckoutPage.default.preencherCadastro('Leonardo', 'Pattussi', '');\n_CheckoutPage.default.validarMensagemErro('Error: Postal Code is required');",
              "err": {},
              "uuid": "4351b983-1480-4025-bb4e-07cafcdb3842",
              "parentUUID": "abb43aa5-d307-4e61-a6ba-fd02a44c766d",
              "isHook": false,
              "skipped": false
            },
            {
              "title": "Deve permitir cancelar o checkout e voltar ao carrinho",
              "fullTitle": "US-003 - Funcionalidade: Cadastro no Checkout Deve permitir cancelar o checkout e voltar ao carrinho",
              "timedOut": null,
              "duration": 1868,
              "state": "passed",
              "speed": "fast",
              "pass": true,
              "fail": false,
              "pending": false,
              "context": null,
              "code": "_CheckoutPage.default.cancelarCheckout();",
              "err": {},
              "uuid": "46b84132-b960-4ad0-9376-eb817f975bff",
              "parentUUID": "abb43aa5-d307-4e61-a6ba-fd02a44c766d",
              "isHook": false,
              "skipped": false
            }
          ],
          "suites": [],
          "passes": [
            "e183d500-ad9b-476e-bdb7-dfcbe91714cc",
            "397f4c3b-aa7a-4e7a-8ad0-82e1f42b728f",
            "33b91ac9-527f-4e40-bb30-9896d5bf0a42",
            "c125eb7f-c4a5-4c4f-a8be-6ce201200951",
            "4351b983-1480-4025-bb4e-07cafcdb3842",
            "46b84132-b960-4ad0-9376-eb817f975bff"
          ],
          "failures": [],
          "pending": [],
          "skipped": [],
          "duration": 22895,
          "root": false,
          "rootEmpty": false,
          "_timeout": 2000
        }
      ],
      "passes": [],
      "failures": [],
      "pending": [],
      "skipped": [],
      "duration": 0,
      "root": true,
      "rootEmpty": true,
      "_timeout": 2000
    },
    {
      "uuid": "d174e4ee-8fc1-44f6-bdde-b4b1d05a1c0b",
      "title": "",
      "fullFile": "cypress\\e2e\\e2e-saucelabs.cy.js",
      "file": "cypress\\e2e\\e2e-saucelabs.cy.js",
      "beforeHooks": [],
      "afterHooks": [],
      "tests": [],
      "suites": [
        {
          "uuid": "e7fdfb42-1db8-44f9-83c6-271b9358c51f",
          "title": "US-002 - Fluxo completo de compra",
          "fullFile": "",
          "file": "",
          "beforeHooks": [],
          "afterHooks": [],
          "tests": [
            {
              "title": "Deve concluir uma compra com sucesso",
              "fullTitle": "US-002 - Fluxo completo de compra Deve concluir uma compra com sucesso",
              "timedOut": null,
              "duration": 9543,
              "state": "passed",
              "speed": "medium",
              "pass": true,
              "fail": false,
              "pending": false,
              "context": null,
              "code": "_LoginPage.default.acessarSite();\n_LoginPage.default.fazerLogin('standard_user', 'secret_sauce');\n_ProductsPage.default.adicionarProdutoAoCarrinho();\n_ProductsPage.default.irParaCarrinho();\ncy.get('[data-test=\"checkout\"]').click();\n_CheckoutPage.default.preencherCadastro('Leonardo', 'Pattussi', '96000000');\ncy.get('[data-test=\"finish\"]').click();\ncy.get('.complete-header').should('contain.text', 'Thank you for your order!');",
              "err": {},
              "uuid": "c3b01d7b-62f9-449a-8678-068e50e14c67",
              "parentUUID": "e7fdfb42-1db8-44f9-83c6-271b9358c51f",
              "isHook": false,
              "skipped": false
            }
          ],
          "suites": [],
          "passes": [
            "c3b01d7b-62f9-449a-8678-068e50e14c67"
          ],
          "failures": [],
          "pending": [],
          "skipped": [],
          "duration": 9543,
          "root": false,
          "rootEmpty": false,
          "_timeout": 2000
        }
      ],
      "passes": [],
      "failures": [],
      "pending": [],
      "skipped": [],
      "duration": 0,
      "root": true,
      "rootEmpty": true,
      "_timeout": 2000
    },
    {
      "uuid": "a327969a-c218-4a0c-8c0f-1fcfe5533a61",
      "title": "",
      "fullFile": "cypress\\e2e\\filtro_produto.cy.js",
      "file": "cypress\\e2e\\filtro_produto.cy.js",
      "beforeHooks": [],
      "afterHooks": [],
      "tests": [],
      "suites": [
        {
          "uuid": "88331996-f2b4-4a07-ac7a-be092574ccef",
          "title": "US-004 - Funcionalidade: Ordenação de produtos",
          "fullFile": "",
          "file": "",
          "beforeHooks": [],
          "afterHooks": [],
          "tests": [
            {
              "title": "Deve ordenar produtos por preço decrescente (High to Low)",
              "fullTitle": "US-004 - Funcionalidade: Ordenação de produtos Deve ordenar produtos por preço decrescente (High to Low)",
              "timedOut": null,
              "duration": 3942,
              "state": "passed",
              "speed": "fast",
              "pass": true,
              "fail": false,
              "pending": false,
              "context": null,
              "code": "_ProductsPage.default.selecionarFiltro('hilo');\ncy.get('.inventory_item_price').then(prices => {\n  const valores = [...prices].map(el => parseFloat(el.innerText.replace('$', '')));\n  const ordenado = [...valores].sort((a, b) => b - a);\n  expect(valores).to.deep.equal(ordenado);\n});",
              "err": {},
              "uuid": "e361cd6c-8c57-49bd-a3b2-beeada730238",
              "parentUUID": "88331996-f2b4-4a07-ac7a-be092574ccef",
              "isHook": false,
              "skipped": false
            },
            {
              "title": "Deve ordenar produtos por preço crescente (Low to High)",
              "fullTitle": "US-004 - Funcionalidade: Ordenação de produtos Deve ordenar produtos por preço crescente (Low to High)",
              "timedOut": null,
              "duration": 1849,
              "state": "passed",
              "speed": "fast",
              "pass": true,
              "fail": false,
              "pending": false,
              "context": null,
              "code": "_ProductsPage.default.selecionarFiltro('lohi');\ncy.get('.inventory_item_price').then(prices => {\n  const valores = [...prices].map(el => parseFloat(el.innerText.replace('$', '')));\n  const ordenado = [...valores].sort((a, b) => a - b);\n  expect(valores).to.deep.equal(ordenado);\n});",
              "err": {},
              "uuid": "0e88f969-9c4c-4e2f-94a8-3521bf8d8697",
              "parentUUID": "88331996-f2b4-4a07-ac7a-be092574ccef",
              "isHook": false,
              "skipped": false
            },
            {
              "title": "Deve ordenar produtos alfabeticamente (A-Z)",
              "fullTitle": "US-004 - Funcionalidade: Ordenação de produtos Deve ordenar produtos alfabeticamente (A-Z)",
              "timedOut": null,
              "duration": 2050,
              "state": "passed",
              "speed": "fast",
              "pass": true,
              "fail": false,
              "pending": false,
              "context": null,
              "code": "_ProductsPage.default.selecionarFiltro('az');\ncy.get('.inventory_item_name').then(items => {\n  const nomes = [...items].map(el => el.innerText);\n  const ordenado = [...nomes].sort();\n  expect(nomes).to.deep.equal(ordenado);\n});",
              "err": {},
              "uuid": "67e6ddcf-2f1e-4482-9321-2fe7d5dee488",
              "parentUUID": "88331996-f2b4-4a07-ac7a-be092574ccef",
              "isHook": false,
              "skipped": false
            },
            {
              "title": "Deve ordenar produtos alfabeticamente (Z-A)",
              "fullTitle": "US-004 - Funcionalidade: Ordenação de produtos Deve ordenar produtos alfabeticamente (Z-A)",
              "timedOut": null,
              "duration": 1586,
              "state": "passed",
              "speed": "fast",
              "pass": true,
              "fail": false,
              "pending": false,
              "context": null,
              "code": "_ProductsPage.default.selecionarFiltro('za');\ncy.get('.inventory_item_name').then(items => {\n  const nomes = [...items].map(el => el.innerText);\n  const ordenado = [...nomes].sort().reverse();\n  expect(nomes).to.deep.equal(ordenado);\n});",
              "err": {},
              "uuid": "89fa8df1-fda7-4758-84e5-053b5e97bc28",
              "parentUUID": "88331996-f2b4-4a07-ac7a-be092574ccef",
              "isHook": false,
              "skipped": false
            },
            {
              "title": "Deve manter ordem padrão ao carregar a página",
              "fullTitle": "US-004 - Funcionalidade: Ordenação de produtos Deve manter ordem padrão ao carregar a página",
              "timedOut": null,
              "duration": 1406,
              "state": "passed",
              "speed": "fast",
              "pass": true,
              "fail": false,
              "pending": false,
              "context": null,
              "code": "cy.url().should('include', '/inventory.html');\n_ProductsPage.default.validarOrdemEsperada(['Sauce Labs Backpack', 'Sauce Labs Bike Light', 'Sauce Labs Bolt T-Shirt', 'Sauce Labs Fleece Jacket', 'Sauce Labs Onesie', 'Test.allTheThings() T-Shirt (Red)']);",
              "err": {},
              "uuid": "242f224e-5baa-4bfc-a5a1-a0b4f3a1bd30",
              "parentUUID": "88331996-f2b4-4a07-ac7a-be092574ccef",
              "isHook": false,
              "skipped": false
            }
          ],
          "suites": [],
          "passes": [
            "e361cd6c-8c57-49bd-a3b2-beeada730238",
            "0e88f969-9c4c-4e2f-94a8-3521bf8d8697",
            "67e6ddcf-2f1e-4482-9321-2fe7d5dee488",
            "89fa8df1-fda7-4758-84e5-053b5e97bc28",
            "242f224e-5baa-4bfc-a5a1-a0b4f3a1bd30"
          ],
          "failures": [],
          "pending": [],
          "skipped": [],
          "duration": 10833,
          "root": false,
          "rootEmpty": false,
          "_timeout": 2000
        }
      ],
      "passes": [],
      "failures": [],
      "pending": [],
      "skipped": [],
      "duration": 0,
      "root": true,
      "rootEmpty": true,
      "_timeout": 2000
    },
    {
      "uuid": "2d51bf6e-0191-4bef-8d5b-e6d8dbff82ad",
      "title": "",
      "fullFile": "cypress\\e2e\\login.cy.js",
      "file": "cypress\\e2e\\login.cy.js",
      "beforeHooks": [],
      "afterHooks": [],
      "tests": [],
      "suites": [
        {
          "uuid": "3d5cb76d-0cfe-413a-bbac-9bfce0336544",
          "title": "US-001 - Funcionalidade: Página de Login",
          "fullFile": "",
          "file": "",
          "beforeHooks": [],
          "afterHooks": [],
          "tests": [
            {
              "title": "Deve realizar login com sucesso",
              "fullTitle": "US-001 - Funcionalidade: Página de Login Deve realizar login com sucesso",
              "timedOut": null,
              "duration": 3285,
              "state": "passed",
              "speed": "fast",
              "pass": true,
              "fail": false,
              "pending": false,
              "context": null,
              "code": "cy.log(' Tentando login com credenciais válidas');\n_LoginPage.default.fazerLogin('standard_user', 'secret_sauce');\n_LoginPage.default.validarLoginSucesso();",
              "err": {},
              "uuid": "d94bd675-34e8-47d1-806a-d7769f82dfea",
              "parentUUID": "3d5cb76d-0cfe-413a-bbac-9bfce0336544",
              "isHook": false,
              "skipped": false
            },
            {
              "title": "Deve exibir mensagem para usuário bloqueado",
              "fullTitle": "US-001 - Funcionalidade: Página de Login Deve exibir mensagem para usuário bloqueado",
              "timedOut": null,
              "duration": 2345,
              "state": "passed",
              "speed": "fast",
              "pass": true,
              "fail": false,
              "pending": false,
              "context": null,
              "code": "cy.log('Tentando login com usuário bloqueado');\ncy.login('locked_out_user', 'secret_sauce');\ncy.wait(1000); // pequena espera para renderização\n_LoginPage.default.validarMensagemErro('Epic sadface: Sorry, this user has been locked out.');",
              "err": {},
              "uuid": "c690a6b4-6581-410d-b6dd-f08667a88d9a",
              "parentUUID": "3d5cb76d-0cfe-413a-bbac-9bfce0336544",
              "isHook": false,
              "skipped": false
            },
            {
              "title": "Deve validar campo usuário obrigatório",
              "fullTitle": "US-001 - Funcionalidade: Página de Login Deve validar campo usuário obrigatório",
              "timedOut": null,
              "duration": 1788,
              "state": "passed",
              "speed": "fast",
              "pass": true,
              "fail": false,
              "pending": false,
              "context": null,
              "code": "_LoginPage.default.fazerLogin('', 'secret_sauce');\n_LoginPage.default.validarMensagemErro('Epic sadface: Username is required');",
              "err": {},
              "uuid": "34059dd8-ab9f-464f-a471-ee7e42dd1912",
              "parentUUID": "3d5cb76d-0cfe-413a-bbac-9bfce0336544",
              "isHook": false,
              "skipped": false
            },
            {
              "title": "Deve validar campo senha obrigatório",
              "fullTitle": "US-001 - Funcionalidade: Página de Login Deve validar campo senha obrigatório",
              "timedOut": null,
              "duration": 811,
              "state": "passed",
              "speed": "fast",
              "pass": true,
              "fail": false,
              "pending": false,
              "context": null,
              "code": "_LoginPage.default.fazerLogin('standard_user', '');\n_LoginPage.default.validarMensagemErro('Epic sadface: Password is required');",
              "err": {},
              "uuid": "97e9a5ec-3b77-421c-93c8-0dd4fec78d02",
              "parentUUID": "3d5cb76d-0cfe-413a-bbac-9bfce0336544",
              "isHook": false,
              "skipped": false
            },
            {
              "title": "Deve realizar logout com sucesso",
              "fullTitle": "US-001 - Funcionalidade: Página de Login Deve realizar logout com sucesso",
              "timedOut": null,
              "duration": 1940,
              "state": "passed",
              "speed": "fast",
              "pass": true,
              "fail": false,
              "pending": false,
              "context": null,
              "code": "_LoginPage.default.fazerLogin('standard_user', 'secret_sauce');\ncy.logout();\ncy.get('[data-test=\"login-button\"]').should('have.value', 'Login');",
              "err": {},
              "uuid": "83910b8c-3f64-4d03-b879-1edf37fceef5",
              "parentUUID": "3d5cb76d-0cfe-413a-bbac-9bfce0336544",
              "isHook": false,
              "skipped": false
            },
            {
              "title": "Deve exibir mensagem para credenciais inválidas",
              "fullTitle": "US-001 - Funcionalidade: Página de Login Deve exibir mensagem para credenciais inválidas",
              "timedOut": null,
              "duration": 1350,
              "state": "passed",
              "speed": "fast",
              "pass": true,
              "fail": false,
              "pending": false,
              "context": null,
[...]
          "fullFile": "",
          "file": "",
          "beforeHooks": [],
          "afterHooks": [],
          "tests": [
            {
              "title": "Deve ordenar produtos por preço decrescente (High to Low)",
              "fullTitle": "US-004 - Funcionalidade: Ordenação de produtos Deve ordenar produtos por preço decrescente (High to Low)",
              "timedOut": null,
              "duration": 3996,
              "state": "passed",
              "speed": "fast",
              "pass": true,
              "fail": false,
              "pending": false,
              "context": null,
              "code": "_ProductsPage.default.selecionarFiltro('hilo');\ncy.get('.inventory_item_price').then(prices => {\n  const valores = [...prices].map(el => parseFloat(el.innerText.replace('$', '')));\n  const ordenado = [...valores].sort((a, b) => b - a);\n  expect(valores).to.deep.equal(ordenado);\n});",
              "err": {},
              "uuid": "7e30f999-01cd-4f2e-a049-5ba75fbe4e85",
              "parentUUID": "419c4bb5-13a1-4bd3-8636-60cc461eeb11",
              "isHook": false,
              "skipped": false
            },
            {
              "title": "Deve ordenar produtos por preço crescente (Low to High)",
              "fullTitle": "US-004 - Funcionalidade: Ordenação de produtos Deve ordenar produtos por preço crescente (Low to High)",
              "timedOut": null,
              "duration": 1845,
              "state": "passed",
              "speed": "fast",
              "pass": true,
              "fail": false,
              "pending": false,
              "context": null,
              "code": "_ProductsPage.default.selecionarFiltro('lohi');\ncy.get('.inventory_item_price').then(prices => {\n  const valores = [...prices].map(el => parseFloat(el.innerText.replace('$', '')));\n  const ordenado = [...valores].sort((a, b) => a - b);\n  expect(valores).to.deep.equal(ordenado);\n});",
              "err": {},
              "uuid": "7edea11a-49db-45a0-a311-ceddb2e09d45",
              "parentUUID": "419c4bb5-13a1-4bd3-8636-60cc461eeb11",
              "isHook": false,
              "skipped": false
            },
            {
              "title": "Deve ordenar produtos alfabeticamente (A-Z)",
              "fullTitle": "US-004 - Funcionalidade: Ordenação de produtos Deve ordenar produtos alfabeticamente (A-Z)",
              "timedOut": null,
              "duration": 3137,
              "state": "passed",
              "speed": "fast",
              "pass": true,
              "fail": false,
              "pending": false,
              "context": null,
              "code": "_ProductsPage.default.selecionarFiltro('az');\ncy.get('.inventory_item_name').then(items => {\n  const nomes = [...items].map(el => el.innerText);\n  const ordenado = [...nomes].sort();\n  expect(nomes).to.deep.equal(ordenado);\n});",
              "err": {},
              "uuid": "fd9ea61a-7ed7-4981-868a-daea4c56a83d",
              "parentUUID": "419c4bb5-13a1-4bd3-8636-60cc461eeb11",
              "isHook": false,
              "skipped": false
            },
            {
              "title": "Deve ordenar produtos alfabeticamente (Z-A)",
              "fullTitle": "US-004 - Funcionalidade: Ordenação de produtos Deve ordenar produtos alfabeticamente (Z-A)",
              "timedOut": null,
              "duration": 1764,
              "state": "passed",
              "speed": "fast",
              "pass": true,
              "fail": false,
              "pending": false,
              "context": null,
              "code": "_ProductsPage.default.selecionarFiltro('za');\ncy.get('.inventory_item_name').then(items => {\n  const nomes = [...items].map(el => el.innerText);\n  const ordenado = [...nomes].sort().reverse();\n  expect(nomes).to.deep.equal(ordenado);\n});",
              "err": {},
              "uuid": "c724f356-9fc1-4944-84a0-9b29be03ad5e",
              "parentUUID": "419c4bb5-13a1-4bd3-8636-60cc461eeb11",
              "isHook": false,
              "skipped": false
            },
            {
              "title": "Deve manter ordem padrão ao carregar a página",
              "fullTitle": "US-004 - Funcionalidade: Ordenação de produtos Deve manter ordem padrão ao carregar a página",
              "timedOut": null,
              "duration": 1501,
              "state": "passed",
              "speed": "fast",
              "pass": true,
              "fail": false,
              "pending": false,
              "context": null,
              "code": "cy.url().should('include', '/inventory.html');\n_ProductsPage.default.validarOrdemEsperada(['Sauce Labs Backpack', 'Sauce Labs Bike Light', 'Sauce Labs Bolt T-Shirt', 'Sauce Labs Fleece Jacket', 'Sauce Labs Onesie', 'Test.allTheThings() T-Shirt (Red)']);",
              "err": {},
              "uuid": "162460ed-0dd1-4ee3-ac58-0c6879b6a182",
              "parentUUID": "419c4bb5-13a1-4bd3-8636-60cc461eeb11",
              "isHook": false,
              "skipped": false
            }
          ],
          "suites": [],
          "passes": [
            "7e30f999-01cd-4f2e-a049-5ba75fbe4e85",
            "7edea11a-49db-45a0-a311-ceddb2e09d45",
            "fd9ea61a-7ed7-4981-868a-daea4c56a83d",
            "c724f356-9fc1-4944-84a0-9b29be03ad5e",
            "162460ed-0dd1-4ee3-ac58-0c6879b6a182"
          ],
          "failures": [],
          "pending": [],
          "skipped": [],
          "duration": 12243,
          "root": false,
          "rootEmpty": false,
          "_timeout": 2000
        }
      ],
      "passes": [],
      "failures": [],
      "pending": [],
      "skipped": [],
      "duration": 0,
      "root": true,
      "rootEmpty": true,
      "_timeout": 2000
    },
    {
      "uuid": "85b73ec3-c8e0-495d-8e88-29d731215060",
      "title": "",
      "fullFile": "cypress\\e2e\\login.cy.js",
      "file": "cypress\\e2e\\login.cy.js",
      "beforeHooks": [],
      "afterHooks": [],
      "tests": [],
      "suites": [
        {
          "uuid": "8a271a00-2cc4-471a-ac03-524d1cfee363",
          "title": "US-001 - Funcionalidade: Página de Login",
          "fullFile": "",
          "file": "",
          "beforeHooks": [],
          "afterHooks": [],
          "tests": [
            {
              "title": "Deve realizar login com sucesso",
              "fullTitle": "US-001 - Funcionalidade: Página de Login Deve realizar login com sucesso",
              "timedOut": null,
              "duration": 3734,
              "state": "passed",
              "speed": "fast",
              "pass": true,
              "fail": false,
              "pending": false,
              "context": null,
              "code": "cy.log(' Tentando login com credenciais válidas');\n_LoginPage.default.fazerLogin('standard_user', 'secret_sauce');\n_LoginPage.default.validarLoginSucesso();",
              "err": {},
              "uuid": "ee5f88d4-d2ff-4c70-81fc-fb1929ecaa34",
              "parentUUID": "8a271a00-2cc4-471a-ac03-524d1cfee363",
              "isHook": false,
              "skipped": false
            },
            {
              "title": "Deve exibir mensagem para usuário bloqueado",
              "fullTitle": "US-001 - Funcionalidade: Página de Login Deve exibir mensagem para usuário bloqueado",
              "timedOut": null,
              "duration": 2406,
              "state": "passed",
              "speed": "fast",
              "pass": true,
              "fail": false,
              "pending": false,
              "context": null,
              "code": "cy.log('Tentando login com usuário bloqueado');\ncy.login('locked_out_user', 'secret_sauce');\ncy.wait(1000); // pequena espera para renderização\n_LoginPage.default.validarMensagemErro('Epic sadface: Sorry, this user has been locked out.');",
              "err": {},
              "uuid": "baa3ab1b-1b6c-4017-a1a8-3dc36c64970e",
              "parentUUID": "8a271a00-2cc4-471a-ac03-524d1cfee363",
              "isHook": false,
              "skipped": false
            },
            {
              "title": "Deve validar campo usuário obrigatório",
              "fullTitle": "US-001 - Funcionalidade: Página de Login Deve validar campo usuário obrigatório",
              "timedOut": null,
              "duration": 1923,
              "state": "passed",
              "speed": "fast",
              "pass": true,
              "fail": false,
              "pending": false,
              "context": null,
              "code": "_LoginPage.default.fazerLogin('', 'secret_sauce');\n_LoginPage.default.validarMensagemErro('Epic sadface: Username is required');",
              "err": {},
              "uuid": "41cfeaee-a3bb-49bf-8412-02acd186f3a0",
              "parentUUID": "8a271a00-2cc4-471a-ac03-524d1cfee363",
              "isHook": false,
              "skipped": false
            },
            {
              "title": "Deve validar campo senha obrigatório",
              "fullTitle": "US-001 - Funcionalidade: Página de Login Deve validar campo senha obrigatório",
              "timedOut": null,
              "duration": 801,
              "state": "passed",
              "speed": "fast",
              "pass": true,
              "fail": false,
              "pending": false,
              "context": null,
              "code": "_LoginPage.default.fazerLogin('standard_user', '');\n_LoginPage.default.validarMensagemErro('Epic sadface: Password is required');",
              "err": {},
              "uuid": "ad01ad51-2e3f-4536-a1a2-d17066de9212",
              "parentUUID": "8a271a00-2cc4-471a-ac03-524d1cfee363",
              "isHook": false,
              "skipped": false
            },
            {
              "title": "Deve realizar logout com sucesso",
              "fullTitle": "US-001 - Funcionalidade: Página de Login Deve realizar logout com sucesso",
              "timedOut": null,
              "duration": 2130,
              "state": "passed",
              "speed": "fast",
              "pass": true,
              "fail": false,
              "pending": false,
              "context": null,
              "code": "_LoginPage.default.fazerLogin('standard_user', 'secret_sauce');\ncy.logout();\ncy.get('[data-test=\"login-button\"]').should('have.value', 'Login');",
              "err": {},
              "uuid": "a74a88ce-4fc0-45ca-b5cc-7deb789ad6e5",
              "parentUUID": "8a271a00-2cc4-471a-ac03-524d1cfee363",
              "isHook": false,
              "skipped": false
            },
            {
              "title": "Deve exibir mensagem para credenciais inválidas",
              "fullTitle": "US-001 - Funcionalidade: Página de Login Deve exibir mensagem para credenciais inválidas",
              "timedOut": null,
              "duration": 1442,
              "state": "passed",
              "speed": "fast",
              "pass": true,
              "fail": false,
              "pending": false,
              "context": null,
              "code": "_LoginPage.default.fazerLogin('standard_user', 'senha_errada');\n_LoginPage.default.validarMensagemErro('Epic sadface: Username and password do not match');",
              "err": {},
              "uuid": "4939b5b0-c465-4028-bfaf-3ff8944cd17a",
              "parentUUID": "8a271a00-2cc4-471a-ac03-524d1cfee363",
              "isHook": false,
              "skipped": false
            },
            {
              "title": "Deve fechar alerta de erro ao clicar no botão X",
              "fullTitle": "US-001 - Funcionalidade: Página de Login Deve fechar alerta de erro ao clicar no botão X",
              "timedOut": null,
              "duration": 476,
              "state": "passed",
              "speed": "fast",
              "pass": true,
              "fail": false,
              "pending": false,
              "context": null,
              "code": "_LoginPage.default.fazerLogin('', '');\ncy.get('.error-button').click();\ncy.get('[data-test=\"error\"]').should('not.exist');",
              "err": {},
              "uuid": "ec308138-5fe8-4988-93b2-8c5c30938ef7",
              "parentUUID": "8a271a00-2cc4-471a-ac03-524d1cfee363",
              "isHook": false,
              "skipped": false
            }
          ],
          "suites": [],
          "passes": [
            "ee5f88d4-d2ff-4c70-81fc-fb1929ecaa34",
            "baa3ab1b-1b6c-4017-a1a8-3dc36c64970e",
            "41cfeaee-a3bb-49bf-8412-02acd186f3a0",
            "ad01ad51-2e3f-4536-a1a2-d17066de9212",
            "a74a88ce-4fc0-45ca-b5cc-7deb789ad6e5",
            "4939b5b0-c465-4028-bfaf-3ff8944cd17a",
            "ec308138-5fe8-4988-93b2-8c5c30938ef7"
          ],
          "failures": [],
          "pending": [],
          "skipped": [],
          "duration": 12912,
          "root": false,
          "rootEmpty": false,
          "_timeout": 2000
        }
      ],
      "passes": [],
      "failures": [],
      "pending": [],
      "skipped": [],
      "duration": 0,
      "root": true,
      "rootEmpty": true,
      "_timeout": 2000
    },
    {
      "uuid": "4bdb2f71-0d8a-4a26-8534-46ddb59b3842",
      "title": "",
      "fullFile": "cypress\\e2e\\cadastro_check_out.cy.js",
      "file": "cypress\\e2e\\cadastro_check_out.cy.js",
      "beforeHooks": [],
      "afterHooks": [],
      "tests": [],
      "suites": [
        {
          "uuid": "fd376f6f-61d4-442f-b0d2-a808849d1893",
          "title": "US-003 - Funcionalidade: Cadastro no Checkout",
          "fullFile": "",
          "file": "",
          "beforeHooks": [],
          "afterHooks": [],
          "tests": [
            {
              "title": "Deve realizar cadastro com sucesso (todos campos preenchidos)",
              "fullTitle": "US-003 - Funcionalidade: Cadastro no Checkout Deve realizar cadastro com sucesso (todos campos preenchidos)",
              "timedOut": null,
              "duration": 8424,
              "state": "passed",
              "speed": "medium",
              "pass": true,
              "fail": false,
              "pending": false,
              "context": null,
              "code": "_CheckoutPage.default.preencherCadastro('Leonardo', 'Pattussi', '96000000');\ncy.get('[data-test=\"finish\"]').click();\ncy.get('.complete-header').should('contain.text', 'Thank you for your order!');",
              "err": {},
              "uuid": "0b766f9d-a410-4dff-9330-4797b57282ff",
              "parentUUID": "fd376f6f-61d4-442f-b0d2-a808849d1893",
              "isHook": false,
              "skipped": false
            },
            {
              "title": "Deve exibir erro ao deixar todos os campos vazios",
              "fullTitle": "US-003 - Funcionalidade: Cadastro no Checkout Deve exibir erro ao deixar todos os campos vazios",
              "timedOut": null,
              "duration": 3771,
              "state": "passed",
              "speed": "fast",
              "pass": true,
              "fail": false,
              "pending": false,
              "context": null,
              "code": "cy.get('[data-test=\"continue\"]').click();\n_CheckoutPage.default.validarMensagemErro('Error: First Name is required');",
              "err": {},
              "uuid": "1ded7649-b0dc-42af-baec-e64227886a42",
              "parentUUID": "fd376f6f-61d4-442f-b0d2-a808849d1893",
              "isHook": false,
              "skipped": false
            },
            {
              "title": "Deve validar ausência de nome",
              "fullTitle": "US-003 - Funcionalidade: Cadastro no Checkout Deve validar ausência de nome",
              "timedOut": null,
              "duration": 2755,
              "state": "passed",
              "speed": "fast",
              "pass": true,
              "fail": false,
              "pending": false,
              "context": null,
              "code": "_CheckoutPage.default.preencherCadastro('', 'Pattussi', '96000000');\n_CheckoutPage.default.validarMensagemErro('Error: First Name is required');",
              "err": {},
              "uuid": "c1b7dc31-c654-4630-94a8-249e49a67a8a",
              "parentUUID": "fd376f6f-61d4-442f-b0d2-a808849d1893",
              "isHook": false,
              "skipped": false
            },
            {
              "title": "Deve validar ausência de sobrenome",
              "fullTitle": "US-003 - Funcionalidade: Cadastro no Checkout Deve validar ausência de sobrenome",
              "timedOut": null,
              "duration": 2676,
              "state": "passed",
              "speed": "fast",
              "pass": true,
              "fail": false,
              "pending": false,
              "context": null,
              "code": "_CheckoutPage.default.preencherCadastro('Leonardo', '', '96000000');\n_CheckoutPage.default.validarMensagemErro('Error: Last Name is required');",
              "err": {},
              "uuid": "ef4a5bde-56c3-47f3-9265-27b77d1e190a",
              "parentUUID": "fd376f6f-61d4-442f-b0d2-a808849d1893",
              "isHook": false,
              "skipped": false
            },
            {
              "title": "Deve validar ausência de CEP",
              "fullTitle": "US-003 - Funcionalidade: Cadastro no Checkout Deve validar ausência de CEP",
              "timedOut": null,
              "duration": 2610,
              "state": "passed",
              "speed": "fast",
              "pass": true,
              "fail": false,
              "pending": false,
              "context": null,
              "code": "_CheckoutPage.default.preencherCadastro('Leonardo', 'Pattussi', '');\n_CheckoutPage.default.validarMensagemErro('Error: Postal Code is required');",
              "err": {},
              "uuid": "53aae05d-3ceb-45e2-8ecc-19943e659d39",
              "parentUUID": "fd376f6f-61d4-442f-b0d2-a808849d1893",
              "isHook": false,
              "skipped": false
            },
            {
              "title": "Deve permitir cancelar o checkout e voltar ao carrinho",
              "fullTitle": "US-003 - Funcionalidade: Cadastro no Checkout Deve permitir cancelar o checkout e voltar ao carrinho",
              "timedOut": null,
              "duration": 1871,
              "state": "passed",
              "speed": "fast",
              "pass": true,
              "fail": false,
              "pending": false,
              "context": null,
              "code": "_CheckoutPage.default.cancelarCheckout();",
              "err": {},
              "uuid": "2715a1d8-9071-4004-9696-f428aec8270d",
              "parentUUID": "fd376f6f-61d4-442f-b0d2-a808849d1893",
              "isHook": false,
              "skipped": false
            }
          ],
          "suites": [],
          "passes": [
            "0b766f9d-a410-4dff-9330-4797b57282ff",
            "1ded7649-b0dc-42af-baec-e64227886a42",
            "c1b7dc31-c654-4630-94a8-249e49a67a8a",
            "ef4a5bde-56c3-47f3-9265-27b77d1e190a",
            "53aae05d-3ceb-45e2-8ecc-19943e659d39",
            "2715a1d8-9071-4004-9696-f428aec8270d"
          ],
          "failures": [],
          "pending": [],
          "skipped": [],
          "duration": 22107,
          "root": false,
          "rootEmpty": false,
          "_timeout": 2000
        }
      ],
      "passes": [],
      "failures": [],
      "pending": [],
      "skipped": [],
      "duration": 0,
      "root": true,
      "rootEmpty": true,
      "_timeout": 2000
    }
  ],
  "meta": {
    "mocha": {
      "version": "7.2.0"
    },
    "mochawesome": {
      "options": {
        "quiet": false,
        "reportFilename": "mochawesome",
        "saveHtml": false,
        "saveJson": true,
        "consoleReporter": "spec",
        "useInlineDiffs": false,
        "code": true
      },
      "version": "7.1.4"
    },
    "marge": {
      "options": {
        "reportDir": "cypress/reports",
        "overwrite": false,
        "html": false,
        "json": true
      },
      "version": "6.3.2"
    }
  }
}